#
# A fatal error has been detected by the Java Runtime Environment:
#
#  Internal Error (javaClasses.cpp:129), pid=4968, tid=140446501701376
#  fatal error: Invalid layout of preloaded class
#
# JRE version: 7.0_25-b30
# Java VM: OpenJDK 64-Bit Server VM (23.7-b01 mixed mode linux-amd64 compressed oops)
# Failed to write core dump. Core dumps have been disabled. To enable core dumping, try "ulimit -c unlimited" before starting Java again
#
# If you would like to submit a bug report, please include
# instructions on how to reproduce the bug and visit:
#   https://bugs.launchpad.net/ubuntu/+source/openjdk-7/
#

---------------  T H R E A D  ---------------

Current thread (0x00007fbc38009000):  JavaThread "Unknown thread" [_thread_in_vm, id=4969, stack(0x00007fbc3fc80000,0x00007fbc3fd81000)]

Stack: [0x00007fbc3fc80000,0x00007fbc3fd81000],  sp=0x00007fbc3fd7f940,  free space=1022k
Native frames: (J=compiled Java code, j=interpreted, Vv=VM code, C=native code)
V  [libjvm.so+0x87092b]  VMError::report_and_die()+0x16b
V  [libjvm.so+0x3edba4]  report_fatal(char const*, int, char const*)+0x54
V  [libjvm.so+0x52fc52]  compute_offset(int&, klassOopDesc*, Symbol*, Symbol*, bool) [clone .constprop.123]+0x102
V  [libjvm.so+0x5303d6]  java_lang_String::compute_offsets()+0x36
V  [libjvm.so+0x7fcc3a]  SystemDictionary::initialize_preloaded_classes(Thread*)+0xaa
V  [libjvm.so+0x848f18]  Universe::genesis(Thread*)+0x458
V  [libjvm.so+0x849524]  universe2_init()+0x24
V  [libjvm.so+0x4e566a]  init_globals()+0x9a
V  [libjvm.so+0x82d702]  Threads::create_vm(JavaVMInitArgs*, bool*)+0x3a2
V  [libjvm.so+0x54e7fd]  JNI_CreateJavaVM+0x4d
C  [libjli.so+0x2b18]  __strcat_chk+0x2b18


---------------  P R O C E S S  ---------------

Java Threads: ( => current thread )

Other Threads:

=>0x00007fbc38009000 (exited) JavaThread "Unknown thread" [_thread_in_vm, id=4969, stack(0x00007fbc3fc80000,0x00007fbc3fd81000)]

VM state:not at safepoint (not fully initialized)

VM Mutex/Monitor currently owned by a thread: None

GC Heap History (0 events):
No events

Deoptimization events (0 events):
No events

Internal exceptions (0 events):
No events

Events (10 events):
Event: 0.005 loading class 0x00007fbc38032510 done
Event: 0.006 loading class 0x00007fbc38031db0 done
Event: 0.006 loading class 0x00007fbc38031d80
Event: 0.006 loading class 0x00007fbc3805d110
Event: 0.006 loading class 0x00007fbc3805d110 done
Event: 0.006 loading class 0x00007fbc3805d150
Event: 0.006 loading class 0x00007fbc3805d150 done
Event: 0.006 loading class 0x00007fbc3805d190
Event: 0.006 loading class 0x00007fbc3805d190 done
Event: 0.006 loading class 0x00007fbc38031d80 done


Dynamic libraries:
00400000-00401000 r-xp 00000000 08:06 1063134                            /usr/lib/jvm/java-7-openjdk-amd64/jre/bin/java
00600000-00601000 r--p 00000000 08:06 1063134                            /usr/lib/jvm/java-7-openjdk-amd64/jre/bin/java
00601000-00602000 rw-p 00001000 08:06 1063134                            /usr/lib/jvm/java-7-openjdk-amd64/jre/bin/java
01a2b000-01a4c000 rw-p 00000000 00:00 0                                  [heap]
6fce00000-6fe2c0000 rw-p 00000000 00:00 0 
6fe2c0000-707400000 rw-p 00000000 00:00 0 
707400000-7119e0000 rw-p 00000000 00:00 0 
7119e0000-7ad160000 rw-p 00000000 00:00 0 
7ad160000-7b2440000 rw-p 00000000 00:00 0 
7b2440000-800000000 rw-p 00000000 00:00 0 
7fbc03e70000-7fbc0c000000 rw-p 00000000 00:00 0 
7fbc0c000000-7fbc0c021000 rw-p 00000000 00:00 0 
7fbc0c021000-7fbc10000000 ---p 00000000 00:00 0 
7fbc14000000-7fbc14021000 rw-p 00000000 00:00 0 
7fbc14021000-7fbc18000000 ---p 00000000 00:00 0 
7fbc19f9c000-7fbc1c000000 rw-p 00000000 00:00 0 
7fbc1c000000-7fbc1c021000 rw-p 00000000 00:00 0 
7fbc1c021000-7fbc20000000 ---p 00000000 00:00 0 
7fbc20000000-7fbc20021000 rw-p 00000000 00:00 0 
7fbc20021000-7fbc24000000 ---p 00000000 00:00 0 
7fbc24000000-7fbc24021000 rw-p 00000000 00:00 0 
7fbc24021000-7fbc28000000 ---p 00000000 00:00 0 
7fbc28000000-7fbc28021000 rw-p 00000000 00:00 0 
7fbc28021000-7fbc2c000000 ---p 00000000 00:00 0 
7fbc2c000000-7fbc2c021000 rw-p 00000000 00:00 0 
7fbc2c021000-7fbc30000000 ---p 00000000 00:00 0 
7fbc30000000-7fbc30021000 rw-p 00000000 00:00 0 
7fbc30021000-7fbc34000000 ---p 00000000 00:00 0 
7fbc34107000-7fbc34300000 rw-p 00000000 00:00 0 
7fbc34300000-7fbc343ca000 r--s 011ad000 08:06 8659083                    /home/lagvna/adt-bundle-linux-x86_64-20130917/sdk/platforms/android-18/android.jar
7fbc343ca000-7fbc343cb000 ---p 00000000 00:00 0 
7fbc343cb000-7fbc344cb000 rw-p 00000000 00:00 0                          [stack:4977]
7fbc344cb000-7fbc344cc000 ---p 00000000 00:00 0 
7fbc344cc000-7fbc345cc000 rw-p 00000000 00:00 0                          [stack:4976]
7fbc345cc000-7fbc345cd000 ---p 00000000 00:00 0 
7fbc345cd000-7fbc346cd000 rw-p 00000000 00:00 0                          [stack:4975]
7fbc346cd000-7fbc346ce000 ---p 00000000 00:00 0 
7fbc346ce000-7fbc347ce000 rw-p 00000000 00:00 0                          [stack:4974]
7fbc347ce000-7fbc347cf000 ---p 00000000 00:00 0 
7fbc347cf000-7fbc348cf000 rw-p 00000000 00:00 0                          [stack:4973]
7fbc348cf000-7fbc348d0000 ---p 00000000 00:00 0 
7fbc348d0000-7fbc349d0000 rw-p 00000000 00:00 0                          [stack:4972]
7fbc349d0000-7fbc349d1000 ---p 00000000 00:00 0 
7fbc349d1000-7fbc34b24000 rw-p 00000000 00:00 0                          [stack:4971]
7fbc34b24000-7fbc35000000 rw-p 00000000 00:00 0 
7fbc35000000-7fbc35270000 rwxp 00000000 00:00 0 
7fbc35270000-7fbc38067000 rw-p 00000000 00:00 0 
7fbc38067000-7fbc3c000000 ---p 00000000 00:00 0 
7fbc3c028000-7fbc3c087000 rw-p 00000000 00:00 0 
7fbc3c087000-7fbc3c088000 ---p 00000000 00:00 0 
7fbc3c088000-7fbc3c193000 rw-p 00000000 00:00 0                          [stack:4970]
7fbc3c193000-7fbc3c1db000 rw-p 00000000 00:00 0 
7fbc3c1db000-7fbc3c1e6000 rw-p 00000000 00:00 0 
7fbc3c1e6000-7fbc3c22e000 rw-p 00000000 00:00 0 
7fbc3c22e000-7fbc3c281000 rw-p 00000000 00:00 0 
7fbc3c281000-7fbc3c75c000 rw-p 00000000 00:00 0 
7fbc3c75c000-7fbc3c787000 rw-p 00000000 00:00 0 
7fbc3c787000-7fbc3c9f4000 rw-p 00000000 00:00 0 
7fbc3c9f4000-7fbc3c9f5000 rw-p 00000000 00:00 0 
7fbc3c9f5000-7fbc3c9fd000 r-xp 00000000 08:06 927099                     /usr/lib/jvm/java-7-openjdk-amd64/jre/lib/amd64/libzip.so
7fbc3c9fd000-7fbc3cbfc000 ---p 00008000 08:06 927099                     /usr/lib/jvm/java-7-openjdk-amd64/jre/lib/amd64/libzip.so
7fbc3cbfc000-7fbc3cbfd000 r--p 00007000 08:06 927099                     /usr/lib/jvm/java-7-openjdk-amd64/jre/lib/amd64/libzip.so
7fbc3cbfd000-7fbc3cbfe000 rw-p 00008000 08:06 927099                     /usr/lib/jvm/java-7-openjdk-amd64/jre/lib/amd64/libzip.so
7fbc3cbfe000-7fbc3cc0a000 r-xp 00000000 08:06 3937586                    /lib/x86_64-linux-gnu/libnss_files-2.17.so
7fbc3cc0a000-7fbc3ce09000 ---p 0000c000 08:06 3937586                    /lib/x86_64-linux-gnu/libnss_files-2.17.so
7fbc3ce09000-7fbc3ce0a000 r--p 0000b000 08:06 3937586                    /lib/x86_64-linux-gnu/libnss_files-2.17.so
7fbc3ce0a000-7fbc3ce0b000 rw-p 0000c000 08:06 3937586                    /lib/x86_64-linux-gnu/libnss_files-2.17.so
7fbc3ce0b000-7fbc3ce16000 r-xp 00000000 08:06 3937590                    /lib/x86_64-linux-gnu/libnss_nis-2.17.so
7fbc3ce16000-7fbc3d015000 ---p 0000b000 08:06 3937590                    /lib/x86_64-linux-gnu/libnss_nis-2.17.so
7fbc3d015000-7fbc3d016000 r--p 0000a000 08:06 3937590                    /lib/x86_64-linux-gnu/libnss_nis-2.17.so
7fbc3d016000-7fbc3d017000 rw-p 0000b000 08:06 3937590                    /lib/x86_64-linux-gnu/libnss_nis-2.17.so
7fbc3d017000-7fbc3d02e000 r-xp 00000000 08:06 3937580                    /lib/x86_64-linux-gnu/libnsl-2.17.so
7fbc3d02e000-7fbc3d22d000 ---p 00017000 08:06 3937580                    /lib/x86_64-linux-gnu/libnsl-2.17.so
7fbc3d22d000-7fbc3d22e000 r--p 00016000 08:06 3937580                    /lib/x86_64-linux-gnu/libnsl-2.17.so
7fbc3d22e000-7fbc3d22f000 rw-p 00017000 08:06 3937580                    /lib/x86_64-linux-gnu/libnsl-2.17.so
7fbc3d22f000-7fbc3d231000 rw-p 00000000 00:00 0 
7fbc3d231000-7fbc3d239000 r-xp 00000000 08:06 3937582                    /lib/x86_64-linux-gnu/libnss_compat-2.17.so
7fbc3d239000-7fbc3d438000 ---p 00008000 08:06 3937582                    /lib/x86_64-linux-gnu/libnss_compat-2.17.so
7fbc3d438000-7fbc3d439000 r--p 00007000 08:06 3937582                    /lib/x86_64-linux-gnu/libnss_compat-2.17.so
7fbc3d439000-7fbc3d43a000 rw-p 00008000 08:06 3937582                    /lib/x86_64-linux-gnu/libnss_compat-2.17.so
7fbc3d43a000-7fbc3d465000 r-xp 00000000 08:06 927086                     /usr/lib/jvm/java-7-openjdk-amd64/jre/lib/amd64/libjava.so
7fbc3d465000-7fbc3d664000 ---p 0002b000 08:06 927086                     /usr/lib/jvm/java-7-openjdk-amd64/jre/lib/amd64/libjava.so
7fbc3d664000-7fbc3d665000 r--p 0002a000 08:06 927086                     /usr/lib/jvm/java-7-openjdk-amd64/jre/lib/amd64/libjava.so
7fbc3d665000-7fbc3d667000 rw-p 0002b000 08:06 927086                     /usr/lib/jvm/java-7-openjdk-amd64/jre/lib/amd64/libjava.so
7fbc3d667000-7fbc3d677000 r-xp 00000000 08:06 927085                     /usr/lib/jvm/java-7-openjdk-amd64/jre/lib/amd64/libverify.so
7fbc3d677000-7fbc3d876000 ---p 00010000 08:06 927085                     /usr/lib/jvm/java-7-openjdk-amd64/jre/lib/amd64/libverify.so
7fbc3d876000-7fbc3d878000 r--p 0000f000 08:06 927085                     /usr/lib/jvm/java-7-openjdk-amd64/jre/lib/amd64/libverify.so
7fbc3d878000-7fbc3d879000 rw-p 00011000 08:06 927085                     /usr/lib/jvm/java-7-openjdk-amd64/jre/lib/amd64/libverify.so
7fbc3d879000-7fbc3d880000 r-xp 00000000 08:06 3937633                    /lib/x86_64-linux-gnu/librt-2.17.so
7fbc3d880000-7fbc3da7f000 ---p 00007000 08:06 3937633                    /lib/x86_64-linux-gnu/librt-2.17.so
7fbc3da7f000-7fbc3da80000 r--p 00006000 08:06 3937633                    /lib/x86_64-linux-gnu/librt-2.17.so
7fbc3da80000-7fbc3da81000 rw-p 00007000 08:06 3937633                    /lib/x86_64-linux-gnu/librt-2.17.so
7fbc3da81000-7fbc3da96000 r-xp 00000000 08:06 3932174                    /lib/x86_64-linux-gnu/libgcc_s.so.1
7fbc3da96000-7fbc3dc95000 ---p 00015000 08:06 3932174                    /lib/x86_64-linux-gnu/libgcc_s.so.1
7fbc3dc95000-7fbc3dc96000 r--p 00014000 08:06 3932174                    /lib/x86_64-linux-gnu/libgcc_s.so.1
7fbc3dc96000-7fbc3dc97000 rw-p 00015000 08:06 3932174                    /lib/x86_64-linux-gnu/libgcc_s.so.1
7fbc3dc97000-7fbc3dd9a000 r-xp 00000000 08:06 3937561                    /lib/x86_64-linux-gnu/libm-2.17.so
7fbc3dd9a000-7fbc3df99000 ---p 00103000 08:06 3937561                    /lib/x86_64-linux-gnu/libm-2.17.so
7fbc3df99000-7fbc3df9a000 r--p 00102000 08:06 3937561                    /lib/x86_64-linux-gnu/libm-2.17.so
7fbc3df9a000-7fbc3df9b000 rw-p 00103000 08:06 3937561                    /lib/x86_64-linux-gnu/libm-2.17.so
7fbc3df9b000-7fbc3e081000 r-xp 00000000 08:06 789333                     /usr/lib/x86_64-linux-gnu/libstdc++.so.6.0.18
7fbc3e081000-7fbc3e280000 ---p 000e6000 08:06 789333                     /usr/lib/x86_64-linux-gnu/libstdc++.so.6.0.18
7fbc3e280000-7fbc3e288000 r--p 000e5000 08:06 789333                     /usr/lib/x86_64-linux-gnu/libstdc++.so.6.0.18
7fbc3e288000-7fbc3e28a000 rw-p 000ed000 08:06 789333                     /usr/lib/x86_64-linux-gnu/libstdc++.so.6.0.18
7fbc3e28a000-7fbc3e29f000 rw-p 00000000 00:00 0 
7fbc3e29f000-7fbc3ecad000 r-xp 00000000 08:06 1063132                    /usr/lib/jvm/java-7-openjdk-amd64/jre/lib/amd64/server/libjvm.so
7fbc3ecad000-7fbc3eeac000 ---p 00a0e000 08:06 1063132                    /usr/lib/jvm/java-7-openjdk-amd64/jre/lib/amd64/server/libjvm.so
7fbc3eeac000-7fbc3ef25000 r--p 00a0d000 08:06 1063132                    /usr/lib/jvm/java-7-openjdk-amd64/jre/lib/amd64/server/libjvm.so
7fbc3ef25000-7fbc3ef48000 rw-p 00a86000 08:06 1063132                    /usr/lib/jvm/java-7-openjdk-amd64/jre/lib/amd64/server/libjvm.so
7fbc3ef48000-7fbc3ef73000 rw-p 00000000 00:00 0 
7fbc3ef73000-7fbc3ef8b000 r-xp 00000000 08:06 3937668                    /lib/x86_64-linux-gnu/libz.so.1.2.8
7fbc3ef8b000-7fbc3f18a000 ---p 00018000 08:06 3937668                    /lib/x86_64-linux-gnu/libz.so.1.2.8
7fbc3f18a000-7fbc3f18b000 r--p 00017000 08:06 3937668                    /lib/x86_64-linux-gnu/libz.so.1.2.8
7fbc3f18b000-7fbc3f18c000 rw-p 00018000 08:06 3937668                    /lib/x86_64-linux-gnu/libz.so.1.2.8
7fbc3f18c000-7fbc3f1a3000 r-xp 00000000 08:06 3937625                    /lib/x86_64-linux-gnu/libpthread-2.17.so
7fbc3f1a3000-7fbc3f3a3000 ---p 00017000 08:06 3937625                    /lib/x86_64-linux-gnu/libpthread-2.17.so
7fbc3f3a3000-7fbc3f3a4000 r--p 00017000 08:06 3937625                    /lib/x86_64-linux-gnu/libpthread-2.17.so
7fbc3f3a4000-7fbc3f3a5000 rw-p 00018000 08:06 3937625                    /lib/x86_64-linux-gnu/libpthread-2.17.so
7fbc3f3a5000-7fbc3f3a9000 rw-p 00000000 00:00 0 
7fbc3f3a9000-7fbc3f3ac000 r-xp 00000000 08:06 3937525                    /lib/x86_64-linux-gnu/libdl-2.17.so
7fbc3f3ac000-7fbc3f5ab000 ---p 00003000 08:06 3937525                    /lib/x86_64-linux-gnu/libdl-2.17.so
7fbc3f5ab000-7fbc3f5ac000 r--p 00002000 08:06 3937525                    /lib/x86_64-linux-gnu/libdl-2.17.so
7fbc3f5ac000-7fbc3f5ad000 rw-p 00003000 08:06 3937525                    /lib/x86_64-linux-gnu/libdl-2.17.so
7fbc3f5ad000-7fbc3f76a000 r-xp 00000000 08:06 3937510                    /lib/x86_64-linux-gnu/libc-2.17.so
7fbc3f76a000-7fbc3f96a000 ---p 001bd000 08:06 3937510                    /lib/x86_64-linux-gnu/libc-2.17.so
7fbc3f96a000-7fbc3f96e000 r--p 001bd000 08:06 3937510                    /lib/x86_64-linux-gnu/libc-2.17.so
7fbc3f96e000-7fbc3f970000 rw-p 001c1000 08:06 3937510                    /lib/x86_64-linux-gnu/libc-2.17.so
7fbc3f970000-7fbc3f975000 rw-p 00000000 00:00 0 
7fbc3f975000-7fbc3f982000 r-xp 00000000 08:06 927068                     /usr/lib/jvm/java-7-openjdk-amd64/jre/lib/amd64/jli/libjli.so
7fbc3f982000-7fbc3fb81000 ---p 0000d000 08:06 927068                     /usr/lib/jvm/java-7-openjdk-amd64/jre/lib/amd64/jli/libjli.so
7fbc3fb81000-7fbc3fb82000 r--p 0000c000 08:06 927068                     /usr/lib/jvm/java-7-openjdk-amd64/jre/lib/amd64/jli/libjli.so
7fbc3fb82000-7fbc3fb83000 rw-p 0000d000 08:06 927068                     /usr/lib/jvm/java-7-openjdk-amd64/jre/lib/amd64/jli/libjli.so
7fbc3fb83000-7fbc3fba6000 r-xp 00000000 08:06 3937486                    /lib/x86_64-linux-gnu/ld-2.17.so
7fbc3fbc0000-7fbc3fbca000 rw-p 00000000 00:00 0 
7fbc3fbca000-7fbc3fc80000 rw-p 00000000 00:00 0 
7fbc3fc80000-7fbc3fc83000 ---p 00000000 00:00 0 
7fbc3fc83000-7fbc3fd86000 rw-p 00000000 00:00 0                          [stack:4969]
7fbc3fd97000-7fbc3fd99000 rw-p 00000000 00:00 0 
7fbc3fd99000-7fbc3fda1000 rw-s 00000000 08:06 8258560                    /tmp/hsperfdata_lagvna/4968
7fbc3fda1000-7fbc3fda2000 rw-p 00000000 00:00 0 
7fbc3fda2000-7fbc3fda3000 r--p 00000000 00:00 0 
7fbc3fda3000-7fbc3fda5000 rw-p 00000000 00:00 0 
7fbc3fda5000-7fbc3fda6000 r--p 00022000 08:06 3937486                    /lib/x86_64-linux-gnu/ld-2.17.so
7fbc3fda6000-7fbc3fda8000 rw-p 00023000 08:06 3937486                    /lib/x86_64-linux-gnu/ld-2.17.so
7fffa115c000-7fffa117d000 rw-p 00000000 00:00 0                          [stack]
7fffa11fe000-7fffa1200000 r-xp 00000000 00:00 0                          [vdso]
ffffffffff600000-ffffffffff601000 r-xp 00000000 00:00 0                  [vsyscall]

VM Arguments:
jvm_args: -Dfile.encoding=UTF-8 -Xbootclasspath:/home/lagvna/adt-bundle-linux-x86_64-20130917/sdk/platforms/android-18/android.jar 
java_command: com.cbb.MovieAppender
Launcher Type: SUN_STANDARD

Environment Variables:
PATH=/usr/lib/lightdm/lightdm:/usr/local/sbin:/usr/local/bin:/usr/sbin:/usr/bin:/sbin:/bin:/usr/games:/usr/local/games
SHELL=/bin/bash
DISPLAY=:0.0

Signal Handlers:
SIGSEGV: [libjvm.so+0x871410], sa_mask[0]=0x7ffbfeff, sa_flags=0x10000004
SIGBUS: [libjvm.so+0x871410], sa_mask[0]=0x7ffbfeff, sa_flags=0x10000004
SIGFPE: [libjvm.so+0x709540], sa_mask[0]=0x7ffbfeff, sa_flags=0x10000004
SIGPIPE: [libjvm.so+0x709540], sa_mask[0]=0x7ffbfeff, sa_flags=0x10000004
SIGXFSZ: [libjvm.so+0x709540], sa_mask[0]=0x7ffbfeff, sa_flags=0x10000004
SIGILL: [libjvm.so+0x709540], sa_mask[0]=0x7ffbfeff, sa_flags=0x10000004
SIGUSR1: SIG_DFL, sa_mask[0]=0x00000000, sa_flags=0x00000000
SIGUSR2: [libjvm.so+0x709270], sa_mask[0]=0x00000004, sa_flags=0x10000004
SIGHUP: SIG_DFL, sa_mask[0]=0x00000000, sa_flags=0x00000000
SIGINT: SIG_DFL, sa_mask[0]=0x00000000, sa_flags=0x00000000
SIGTERM: SIG_DFL, sa_mask[0]=0x00000000, sa_flags=0x00000000
SIGQUIT: SIG_DFL, sa_mask[0]=0x00000000, sa_flags=0x00000000


---------------  S Y S T E M  ---------------

OS:Ubuntu 13.10 (saucy)
uname:Linux 3.11.0-15-generic #23-Ubuntu SMP Mon Dec 9 18:17:04 UTC 2013 x86_64
libc:glibc 2.17 NPTL 2.17 
rlimit: STACK 8192k, CORE 0k, NPROC 127181, NOFILE 4096, AS infinity
load average:0.79 0.62 0.60

/proc/meminfo:
MemTotal:       16299408 kB
MemFree:        13228296 kB
Buffers:           79220 kB
Cached:           951632 kB
SwapCached:            0 kB
Active:          1817864 kB
Inactive:         632056 kB
Active(anon):    1421264 kB
Inactive(anon):    78416 kB
Active(file):     396600 kB
Inactive(file):   553640 kB
Unevictable:          32 kB
Mlocked:              32 kB
SwapTotal:      16641020 kB
SwapFree:       16641020 kB
Dirty:              1632 kB
Writeback:             0 kB
AnonPages:       1419508 kB
Mapped:           491776 kB
Shmem:             80484 kB
Slab:             104584 kB
SReclaimable:      65924 kB
SUnreclaim:        38660 kB
KernelStack:        4880 kB
PageTables:        31212 kB
NFS_Unstable:          0 kB
Bounce:                0 kB
WritebackTmp:          0 kB
CommitLimit:    24790724 kB
Committed_AS:    5099336 kB
VmallocTotal:   34359738367 kB
VmallocUsed:      402196 kB
VmallocChunk:   34359331580 kB
HardwareCorrupted:     0 kB
AnonHugePages:         0 kB
HugePages_Total:       0
HugePages_Free:        0
HugePages_Rsvd:        0
HugePages_Surp:        0
Hugepagesize:       2048 kB
DirectMap4k:      217420 kB
DirectMap2M:     4890624 kB
DirectMap1G:    11534336 kB


CPU:total 8 (4 cores per cpu, 2 threads per core) family 6 model 60 stepping 3, cmov, cx8, fxsr, mmx, sse, sse2, sse3, ssse3, sse4.1, sse4.2, popcnt, avx, avx2, ht, tsc, tscinvbit

/proc/cpuinfo:
processor	: 0
vendor_id	: GenuineIntel
cpu family	: 6
model		: 60
model name	: Intel(R) Core(TM) i7-4800MQ CPU @ 2.70GHz
stepping	: 3
microcode	: 0x7
cpu MHz		: 800.000
cache size	: 6144 KB
physical id	: 0
siblings	: 8
core id		: 0
cpu cores	: 4
apicid		: 0
initial apicid	: 0
fpu		: yes
fpu_exception	: yes
cpuid level	: 13
wp		: yes
flags		: fpu vme de pse tsc msr pae mce cx8 apic sep mtrr pge mca cmov pat pse36 clflush dts acpi mmx fxsr sse sse2 ss ht tm pbe syscall nx pdpe1gb rdtscp lm constant_tsc arch_perfmon pebs bts rep_good nopl xtopology nonstop_tsc aperfmperf eagerfpu pni pclmulqdq dtes64 monitor ds_cpl vmx smx est tm2 ssse3 fma cx16 xtpr pdcm pcid sse4_1 sse4_2 x2apic movbe popcnt tsc_deadline_timer aes xsave avx f16c rdrand lahf_lm abm ida arat epb xsaveopt pln pts dtherm tpr_shadow vnmi flexpriority ept vpid fsgsbase tsc_adjust bmi1 hle avx2 smep bmi2 erms invpcid rtm
bogomips	: 5387.45
clflush size	: 64
cache_alignment	: 64
address sizes	: 39 bits physical, 48 bits virtual
power management:

processor	: 1
vendor_id	: GenuineIntel
cpu family	: 6
model		: 60
model name	: Intel(R) Core(TM) i7-4800MQ CPU @ 2.70GHz
stepping	: 3
microcode	: 0x7
cpu MHz		: 800.000
cache size	: 6144 KB
physical id	: 0
siblings	: 8
core id		: 1
cpu cores	: 4
apicid		: 2
initial apicid	: 2
fpu		: yes
fpu_exception	: yes
cpuid level	: 13
wp		: yes
flags		: fpu vme de pse tsc msr pae mce cx8 apic sep mtrr pge mca cmov pat pse36 clflush dts acpi mmx fxsr sse sse2 ss ht tm pbe syscall nx pdpe1gb rdtscp lm constant_tsc arch_perfmon pebs bts rep_good nopl xtopology nonstop_tsc aperfmperf eagerfpu pni pclmulqdq dtes64 monitor ds_cpl vmx smx est tm2 ssse3 fma cx16 xtpr pdcm pcid sse4_1 sse4_2 x2apic movbe popcnt tsc_deadline_timer aes xsave avx f16c rdrand lahf_lm abm ida arat epb xsaveopt pln pts dtherm tpr_shadow vnmi flexpriority ept vpid fsgsbase tsc_adjust bmi1 hle avx2 smep bmi2 erms invpcid rtm
bogomips	: 5387.45
clflush size	: 64
cache_alignment	: 64
address sizes	: 39 bits physical, 48 bits virtual
power management:

processor	: 2
vendor_id	: GenuineIntel
cpu family	: 6
model		: 60
model name	: Intel(R) Core(TM) i7-4800MQ CPU @ 2.70GHz
stepping	: 3
microcode	: 0x7
cpu MHz		: 800.000
cache size	: 6144 KB
physical id	: 0
siblings	: 8
core id		: 2
cpu cores	: 4
apicid		: 4
initial apicid	: 4
fpu		: yes
fpu_exception	: yes
cpuid level	: 13
wp		: yes
flags		: fpu vme de pse tsc msr pae mce cx8 apic sep mtrr pge mca cmov pat pse36 clflush dts acpi mmx fxsr sse sse2 ss ht tm pbe syscall nx pdpe1gb rdtscp lm constant_tsc arch_perfmon pebs bts rep_good nopl xtopology nonstop_tsc aperfmperf eagerfpu pni pclmulqdq dtes64 monitor ds_cpl vmx smx est tm2 ssse3 fma cx16 xtpr pdcm pcid sse4_1 sse4_2 x2apic movbe popcnt tsc_deadline_timer aes xsave avx f16c rdrand lahf_lm abm ida arat epb xsaveopt pln pts dtherm tpr_shadow vnmi flexpriority ept vpid fsgsbase tsc_adjust bmi1 hle avx2 smep bmi2 erms invpcid rtm
bogomips	: 5387.45
clflush size	: 64
cache_alignment	: 64
address sizes	: 39 bits physical, 48 bits virtual
power management:

processor	: 3
vendor_id	: GenuineIntel
cpu family	: 6
model		: 60
model name	: Intel(R) Core(TM) i7-4800MQ CPU @ 2.70GHz
stepping	: 3
microcode	: 0x7
cpu MHz		: 800.000
cache size	: 6144 KB
physical id	: 0
siblings	: 8
core id		: 3
cpu cores	: 4
apicid		: 6
initial apicid	: 6
fpu		: yes
fpu_exception	: yes
cpuid level	: 13
wp		: yes
flags		: fpu vme de pse tsc msr pae mce cx8 apic sep mtrr pge mca cmov pat pse36 clflush dts acpi mmx fxsr sse sse2 ss ht tm pbe syscall nx pdpe1gb rdtscp lm constant_tsc arch_perfmon pebs bts rep_good nopl xtopology nonstop_tsc aperfmperf eagerfpu pni pclmulqdq dtes64 monitor ds_cpl vmx smx est tm2 ssse3 fma cx16 xtpr pdcm pcid sse4_1 sse4_2 x2apic movbe popcnt tsc_deadline_timer aes xsave avx f16c rdrand lahf_lm abm ida arat epb xsaveopt pln pts dtherm tpr_shadow vnmi flexpriority ept vpid fsgsbase tsc_adjust bmi1 hle avx2 smep bmi2 erms invpcid rtm
bogomips	: 5387.45
clflush size	: 64
cache_alignment	: 64
address sizes	: 39 bits physical, 48 bits virtual
power management:

processor	: 4
vendor_id	: GenuineIntel
cpu family	: 6
model		: 60
model name	: Intel(R) Core(TM) i7-4800MQ CPU @ 2.70GHz
stepping	: 3
microcode	: 0x7
cpu MHz		: 800.000
cache size	: 6144 KB
physical id	: 0
siblings	: 8
core id		: 0
cpu cores	: 4
apicid		: 1
initial apicid	: 1
fpu		: yes
fpu_exception	: yes
cpuid level	: 13
wp		: yes
flags		: fpu vme de pse tsc msr pae mce cx8 apic sep mtrr pge mca cmov pat pse36 clflush dts acpi mmx fxsr sse sse2 ss ht tm pbe syscall nx pdpe1gb rdtscp lm constant_tsc arch_perfmon pebs bts rep_good nopl xtopology nonstop_tsc aperfmperf eagerfpu pni pclmulqdq dtes64 monitor ds_cpl vmx smx est tm2 ssse3 fma cx16 xtpr pdcm pcid sse4_1 sse4_2 x2apic movbe popcnt tsc_deadline_timer aes xsave avx f16c rdrand lahf_lm abm ida arat epb xsaveopt pln pts dtherm tpr_shadow vnmi flexpriority ept vpid fsgsbase tsc_adjust bmi1 hle avx2 smep bmi2 erms invpcid rtm
bogomips	: 5387.45
clflush size	: 64
cache_alignment	: 64
address sizes	: 39 bits physical, 48 bits virtual
power management:

processor	: 5
vendor_id	: GenuineIntel
cpu family	: 6
model		: 60
model name	: Intel(R) Core(TM) i7-4800MQ CPU @ 2.70GHz
stepping	: 3
microcode	: 0x7
cpu MHz		: 800.000
cache size	: 6144 KB
physical id	: 0
siblings	: 8
core id		: 1
cpu cores	: 4
apicid		: 3
initial apicid	: 3
fpu		: yes
fpu_exception	: yes
cpuid level	: 13
wp		: yes
flags		: fpu vme de pse tsc msr pae mce cx8 apic sep mtrr pge mca cmov pat pse36 clflush dts acpi mmx fxsr sse sse2 ss ht tm pbe syscall nx pdpe1gb rdtscp lm constant_tsc arch_perfmon pebs bts rep_good nopl xtopology nonstop_tsc aperfmperf eagerfpu pni pclmulqdq dtes64 monitor ds_cpl vmx smx est tm2 ssse3 fma cx16 xtpr pdcm pcid sse4_1 sse4_2 x2apic movbe popcnt tsc_deadline_timer aes xsave avx f16c rdrand lahf_lm abm ida arat epb xsaveopt pln pts dtherm tpr_shadow vnmi flexpriority ept vpid fsgsbase tsc_adjust bmi1 hle avx2 smep bmi2 erms invpcid rtm
bogomips	: 5387.45
clflush size	: 64
cache_alignment	: 64
address sizes	: 39 bits physical, 48 bits virtual
power management:

processor	: 6
vendor_id	: GenuineIntel
cpu family	: 6
model		: 60
model name	: Intel(R) Core(TM) i7-4800MQ CPU @ 2.70GHz
stepping	: 3
microcode	: 0x7
cpu MHz		: 2300.000
cache size	: 6144 KB
physical id	: 0
siblings	: 8
core id		: 2
cpu cores	: 4
apicid		: 5
initial apicid	: 5
fpu		: yes
fpu_exception	: yes
cpuid level	: 13
wp		: yes
flags		: fpu vme de pse tsc msr pae mce cx8 apic sep mtrr pge mca cmov pat pse36 clflush dts acpi mmx fxsr sse sse2 ss ht tm pbe syscall nx pdpe1gb rdtscp lm constant_tsc arch_perfmon pebs bts rep_good nopl xtopology nonstop_tsc aperfmperf eagerfpu pni pclmulqdq dtes64 monitor ds_cpl vmx smx est tm2 ssse3 fma cx16 xtpr pdcm pcid sse4_1 sse4_2 x2apic movbe popcnt tsc_deadline_timer aes xsave avx f16c rdrand lahf_lm abm ida arat epb xsaveopt pln pts dtherm tpr_shadow vnmi flexpriority ept vpid fsgsbase tsc_adjust bmi1 hle avx2 smep bmi2 erms invpcid rtm
bogomips	: 5387.45
clflush size	: 64
cache_alignment	: 64
address sizes	: 39 bits physical, 48 bits virtual
power management:

processor	: 7
vendor_id	: GenuineIntel
cpu family	: 6
model		: 60
model name	: Intel(R) Core(TM) i7-4800MQ CPU @ 2.70GHz
stepping	: 3
microcode	: 0x7
cpu MHz		: 2300.000
cache size	: 6144 KB
physical id	: 0
siblings	: 8
core id		: 3
cpu cores	: 4
apicid		: 7
initial apicid	: 7
fpu		: yes
fpu_exception	: yes
cpuid level	: 13
wp		: yes
flags		: fpu vme de pse tsc msr pae mce cx8 apic sep mtrr pge mca cmov pat pse36 clflush dts acpi mmx fxsr sse sse2 ss ht tm pbe syscall nx pdpe1gb rdtscp lm constant_tsc arch_perfmon pebs bts rep_good nopl xtopology nonstop_tsc aperfmperf eagerfpu pni pclmulqdq dtes64 monitor ds_cpl vmx smx est tm2 ssse3 fma cx16 xtpr pdcm pcid sse4_1 sse4_2 x2apic movbe popcnt tsc_deadline_timer aes xsave avx f16c rdrand lahf_lm abm ida arat epb xsaveopt pln pts dtherm tpr_shadow vnmi flexpriority ept vpid fsgsbase tsc_adjust bmi1 hle avx2 smep bmi2 erms invpcid rtm
bogomips	: 5387.45
clflush size	: 64
cache_alignment	: 64
address sizes	: 39 bits physical, 48 bits virtual
power management:



Memory: 4k page, physical 16299408k(13228296k free), swap 16641020k(16641020k free)

vm_info: OpenJDK 64-Bit Server VM (23.7-b01) for linux-amd64 JRE (1.7.0_25-b30), built on Oct 11 2013 18:04:12 by "buildd" with gcc 4.8.1

time: Sun Jan  5 05:14:34 2014
elapsed time: 0 seconds

