#
# A fatal error has been detected by the Java Runtime Environment:
#
#  Internal Error (javaClasses.cpp:129), pid=5448, tid=140039111939840
#  fatal error: Invalid layout of preloaded class
#
# JRE version: 7.0_25-b30
# Java VM: OpenJDK 64-Bit Server VM (23.7-b01 mixed mode linux-amd64 compressed oops)
# Failed to write core dump. Core dumps have been disabled. To enable core dumping, try "ulimit -c unlimited" before starting Java again
#
# If you would like to submit a bug report, please include
# instructions on how to reproduce the bug and visit:
#   https://bugs.launchpad.net/ubuntu/+source/openjdk-7/
#

---------------  T H R E A D  ---------------

Current thread (0x00007f5d5c009000):  JavaThread "Unknown thread" [_thread_in_vm, id=5453, stack(0x00007f5d65759000,0x00007f5d6585a000)]

Stack: [0x00007f5d65759000,0x00007f5d6585a000],  sp=0x00007f5d65858940,  free space=1022k
Native frames: (J=compiled Java code, j=interpreted, Vv=VM code, C=native code)
V  [libjvm.so+0x87092b]  VMError::report_and_die()+0x16b
V  [libjvm.so+0x3edba4]  report_fatal(char const*, int, char const*)+0x54
V  [libjvm.so+0x52fc52]  compute_offset(int&, klassOopDesc*, Symbol*, Symbol*, bool) [clone .constprop.123]+0x102
V  [libjvm.so+0x5303d6]  java_lang_String::compute_offsets()+0x36
V  [libjvm.so+0x7fcc3a]  SystemDictionary::initialize_preloaded_classes(Thread*)+0xaa
V  [libjvm.so+0x848f18]  Universe::genesis(Thread*)+0x458
V  [libjvm.so+0x849524]  universe2_init()+0x24
V  [libjvm.so+0x4e566a]  init_globals()+0x9a
V  [libjvm.so+0x82d702]  Threads::create_vm(JavaVMInitArgs*, bool*)+0x3a2
V  [libjvm.so+0x54e7fd]  JNI_CreateJavaVM+0x4d
C  [libjli.so+0x2b18]  __strcat_chk+0x2b18


---------------  P R O C E S S  ---------------

Java Threads: ( => current thread )

Other Threads:

=>0x00007f5d5c009000 (exited) JavaThread "Unknown thread" [_thread_in_vm, id=5453, stack(0x00007f5d65759000,0x00007f5d6585a000)]

VM state:not at safepoint (not fully initialized)

VM Mutex/Monitor currently owned by a thread: None

GC Heap History (0 events):
No events

Deoptimization events (0 events):
No events

Internal exceptions (0 events):
No events

Events (10 events):
Event: 0.007 loading class 0x00007f5d5c032510 done
Event: 0.007 loading class 0x00007f5d5c031db0 done
Event: 0.007 loading class 0x00007f5d5c031d80
Event: 0.007 loading class 0x00007f5d5c05d110
Event: 0.007 loading class 0x00007f5d5c05d110 done
Event: 0.007 loading class 0x00007f5d5c05d150
Event: 0.007 loading class 0x00007f5d5c05d150 done
Event: 0.007 loading class 0x00007f5d5c05d190
Event: 0.007 loading class 0x00007f5d5c05d190 done
Event: 0.007 loading class 0x00007f5d5c031d80 done


Dynamic libraries:
00400000-00401000 r-xp 00000000 08:06 1063134                            /usr/lib/jvm/java-7-openjdk-amd64/jre/bin/java
00600000-00601000 r--p 00000000 08:06 1063134                            /usr/lib/jvm/java-7-openjdk-amd64/jre/bin/java
00601000-00602000 rw-p 00001000 08:06 1063134                            /usr/lib/jvm/java-7-openjdk-amd64/jre/bin/java
0205c000-0207d000 rw-p 00000000 00:00 0                                  [heap]
6fce00000-6fe2c0000 rw-p 00000000 00:00 0 
6fe2c0000-707400000 rw-p 00000000 00:00 0 
707400000-7119e0000 rw-p 00000000 00:00 0 
7119e0000-7ad160000 rw-p 00000000 00:00 0 
7ad160000-7b2440000 rw-p 00000000 00:00 0 
7b2440000-800000000 rw-p 00000000 00:00 0 
7f5d23e70000-7f5d2c000000 rw-p 00000000 00:00 0 
7f5d2c000000-7f5d2c021000 rw-p 00000000 00:00 0 
7f5d2c021000-7f5d30000000 ---p 00000000 00:00 0 
7f5d34000000-7f5d34021000 rw-p 00000000 00:00 0 
7f5d34021000-7f5d38000000 ---p 00000000 00:00 0 
7f5d3c000000-7f5d3c021000 rw-p 00000000 00:00 0 
7f5d3c021000-7f5d40000000 ---p 00000000 00:00 0 
7f5d41f9c000-7f5d44000000 rw-p 00000000 00:00 0 
7f5d44000000-7f5d44021000 rw-p 00000000 00:00 0 
7f5d44021000-7f5d48000000 ---p 00000000 00:00 0 
7f5d48000000-7f5d48021000 rw-p 00000000 00:00 0 
7f5d48021000-7f5d4c000000 ---p 00000000 00:00 0 
7f5d4c000000-7f5d4c021000 rw-p 00000000 00:00 0 
7f5d4c021000-7f5d50000000 ---p 00000000 00:00 0 
7f5d50000000-7f5d50021000 rw-p 00000000 00:00 0 
7f5d50021000-7f5d54000000 ---p 00000000 00:00 0 
7f5d54000000-7f5d54021000 rw-p 00000000 00:00 0 
7f5d54021000-7f5d58000000 ---p 00000000 00:00 0 
7f5d59000000-7f5d59270000 rwxp 00000000 00:00 0 
7f5d59270000-7f5d5c067000 rw-p 00000000 00:00 0 
7f5d5c067000-7f5d60000000 ---p 00000000 00:00 0 
7f5d60c08000-7f5d60e38000 rw-p 00000000 00:00 0 
7f5d60e38000-7f5d60f02000 r--s 011ad000 08:06 8659083                    /home/lagvna/adt-bundle-linux-x86_64-20130917/sdk/platforms/android-18/android.jar
7f5d60f02000-7f5d60f2a000 rw-p 00000000 00:00 0 
7f5d60f2a000-7f5d60f2b000 ---p 00000000 00:00 0 
7f5d60f2b000-7f5d6102b000 rw-p 00000000 00:00 0                          [stack:5461]
7f5d6102b000-7f5d6102c000 ---p 00000000 00:00 0 
7f5d6102c000-7f5d6112c000 rw-p 00000000 00:00 0                          [stack:5460]
7f5d6112c000-7f5d6112d000 ---p 00000000 00:00 0 
7f5d6112d000-7f5d6122d000 rw-p 00000000 00:00 0                          [stack:5459]
7f5d6122d000-7f5d6122e000 ---p 00000000 00:00 0 
7f5d6122e000-7f5d6132e000 rw-p 00000000 00:00 0                          [stack:5458]
7f5d6132e000-7f5d6132f000 ---p 00000000 00:00 0 
7f5d6132f000-7f5d6142f000 rw-p 00000000 00:00 0                          [stack:5457]
7f5d6142f000-7f5d61430000 ---p 00000000 00:00 0 
7f5d61430000-7f5d61530000 rw-p 00000000 00:00 0                          [stack:5456]
7f5d61530000-7f5d61531000 ---p 00000000 00:00 0 
7f5d61531000-7f5d61631000 rw-p 00000000 00:00 0                          [stack:5455]
7f5d61631000-7f5d61632000 ---p 00000000 00:00 0 
7f5d61632000-7f5d6173d000 rw-p 00000000 00:00 0                          [stack:5454]
7f5d6173d000-7f5d61785000 rw-p 00000000 00:00 0 
7f5d61785000-7f5d617d8000 rw-p 00000000 00:00 0 
7f5d617d8000-7f5d61cb4000 rw-p 00000000 00:00 0 
7f5d61cb4000-7f5d61cbf000 rw-p 00000000 00:00 0 
7f5d61cbf000-7f5d61d07000 rw-p 00000000 00:00 0 
7f5d61d07000-7f5d61d5a000 rw-p 00000000 00:00 0 
7f5d61d5a000-7f5d62235000 rw-p 00000000 00:00 0 
7f5d62235000-7f5d62260000 rw-p 00000000 00:00 0 
7f5d62260000-7f5d624cd000 rw-p 00000000 00:00 0 
7f5d624cd000-7f5d624ce000 rw-p 00000000 00:00 0 
7f5d624ce000-7f5d624d6000 r-xp 00000000 08:06 927099                     /usr/lib/jvm/java-7-openjdk-amd64/jre/lib/amd64/libzip.so
7f5d624d6000-7f5d626d5000 ---p 00008000 08:06 927099                     /usr/lib/jvm/java-7-openjdk-amd64/jre/lib/amd64/libzip.so
7f5d626d5000-7f5d626d6000 r--p 00007000 08:06 927099                     /usr/lib/jvm/java-7-openjdk-amd64/jre/lib/amd64/libzip.so
7f5d626d6000-7f5d626d7000 rw-p 00008000 08:06 927099                     /usr/lib/jvm/java-7-openjdk-amd64/jre/lib/amd64/libzip.so
7f5d626d7000-7f5d626e3000 r-xp 00000000 08:06 3937586                    /lib/x86_64-linux-gnu/libnss_files-2.17.so
7f5d626e3000-7f5d628e2000 ---p 0000c000 08:06 3937586                    /lib/x86_64-linux-gnu/libnss_files-2.17.so
7f5d628e2000-7f5d628e3000 r--p 0000b000 08:06 3937586                    /lib/x86_64-linux-gnu/libnss_files-2.17.so
7f5d628e3000-7f5d628e4000 rw-p 0000c000 08:06 3937586                    /lib/x86_64-linux-gnu/libnss_files-2.17.so
7f5d628e4000-7f5d628ef000 r-xp 00000000 08:06 3937590                    /lib/x86_64-linux-gnu/libnss_nis-2.17.so
7f5d628ef000-7f5d62aee000 ---p 0000b000 08:06 3937590                    /lib/x86_64-linux-gnu/libnss_nis-2.17.so
7f5d62aee000-7f5d62aef000 r--p 0000a000 08:06 3937590                    /lib/x86_64-linux-gnu/libnss_nis-2.17.so
7f5d62aef000-7f5d62af0000 rw-p 0000b000 08:06 3937590                    /lib/x86_64-linux-gnu/libnss_nis-2.17.so
7f5d62af0000-7f5d62b07000 r-xp 00000000 08:06 3937580                    /lib/x86_64-linux-gnu/libnsl-2.17.so
7f5d62b07000-7f5d62d06000 ---p 00017000 08:06 3937580                    /lib/x86_64-linux-gnu/libnsl-2.17.so
7f5d62d06000-7f5d62d07000 r--p 00016000 08:06 3937580                    /lib/x86_64-linux-gnu/libnsl-2.17.so
7f5d62d07000-7f5d62d08000 rw-p 00017000 08:06 3937580                    /lib/x86_64-linux-gnu/libnsl-2.17.so
7f5d62d08000-7f5d62d0a000 rw-p 00000000 00:00 0 
7f5d62d0a000-7f5d62d12000 r-xp 00000000 08:06 3937582                    /lib/x86_64-linux-gnu/libnss_compat-2.17.so
7f5d62d12000-7f5d62f11000 ---p 00008000 08:06 3937582                    /lib/x86_64-linux-gnu/libnss_compat-2.17.so
7f5d62f11000-7f5d62f12000 r--p 00007000 08:06 3937582                    /lib/x86_64-linux-gnu/libnss_compat-2.17.so
7f5d62f12000-7f5d62f13000 rw-p 00008000 08:06 3937582                    /lib/x86_64-linux-gnu/libnss_compat-2.17.so
7f5d62f13000-7f5d62f3e000 r-xp 00000000 08:06 927086                     /usr/lib/jvm/java-7-openjdk-amd64/jre/lib/amd64/libjava.so
7f5d62f3e000-7f5d6313d000 ---p 0002b000 08:06 927086                     /usr/lib/jvm/java-7-openjdk-amd64/jre/lib/amd64/libjava.so
7f5d6313d000-7f5d6313e000 r--p 0002a000 08:06 927086                     /usr/lib/jvm/java-7-openjdk-amd64/jre/lib/amd64/libjava.so
7f5d6313e000-7f5d63140000 rw-p 0002b000 08:06 927086                     /usr/lib/jvm/java-7-openjdk-amd64/jre/lib/amd64/libjava.so
7f5d63140000-7f5d63150000 r-xp 00000000 08:06 927085                     /usr/lib/jvm/java-7-openjdk-amd64/jre/lib/amd64/libverify.so
7f5d63150000-7f5d6334f000 ---p 00010000 08:06 927085                     /usr/lib/jvm/java-7-openjdk-amd64/jre/lib/amd64/libverify.so
7f5d6334f000-7f5d63351000 r--p 0000f000 08:06 927085                     /usr/lib/jvm/java-7-openjdk-amd64/jre/lib/amd64/libverify.so
7f5d63351000-7f5d63352000 rw-p 00011000 08:06 927085                     /usr/lib/jvm/java-7-openjdk-amd64/jre/lib/amd64/libverify.so
7f5d63352000-7f5d63359000 r-xp 00000000 08:06 3937633                    /lib/x86_64-linux-gnu/librt-2.17.so
7f5d63359000-7f5d63558000 ---p 00007000 08:06 3937633                    /lib/x86_64-linux-gnu/librt-2.17.so
7f5d63558000-7f5d63559000 r--p 00006000 08:06 3937633                    /lib/x86_64-linux-gnu/librt-2.17.so
7f5d63559000-7f5d6355a000 rw-p 00007000 08:06 3937633                    /lib/x86_64-linux-gnu/librt-2.17.so
7f5d6355a000-7f5d6356f000 r-xp 00000000 08:06 3932174                    /lib/x86_64-linux-gnu/libgcc_s.so.1
7f5d6356f000-7f5d6376e000 ---p 00015000 08:06 3932174                    /lib/x86_64-linux-gnu/libgcc_s.so.1
7f5d6376e000-7f5d6376f000 r--p 00014000 08:06 3932174                    /lib/x86_64-linux-gnu/libgcc_s.so.1
7f5d6376f000-7f5d63770000 rw-p 00015000 08:06 3932174                    /lib/x86_64-linux-gnu/libgcc_s.so.1
7f5d63770000-7f5d63873000 r-xp 00000000 08:06 3937561                    /lib/x86_64-linux-gnu/libm-2.17.so
7f5d63873000-7f5d63a72000 ---p 00103000 08:06 3937561                    /lib/x86_64-linux-gnu/libm-2.17.so
7f5d63a72000-7f5d63a73000 r--p 00102000 08:06 3937561                    /lib/x86_64-linux-gnu/libm-2.17.so
7f5d63a73000-7f5d63a74000 rw-p 00103000 08:06 3937561                    /lib/x86_64-linux-gnu/libm-2.17.so
7f5d63a74000-7f5d63b5a000 r-xp 00000000 08:06 789333                     /usr/lib/x86_64-linux-gnu/libstdc++.so.6.0.18
7f5d63b5a000-7f5d63d59000 ---p 000e6000 08:06 789333                     /usr/lib/x86_64-linux-gnu/libstdc++.so.6.0.18
7f5d63d59000-7f5d63d61000 r--p 000e5000 08:06 789333                     /usr/lib/x86_64-linux-gnu/libstdc++.so.6.0.18
7f5d63d61000-7f5d63d63000 rw-p 000ed000 08:06 789333                     /usr/lib/x86_64-linux-gnu/libstdc++.so.6.0.18
7f5d63d63000-7f5d63d78000 rw-p 00000000 00:00 0 
7f5d63d78000-7f5d64786000 r-xp 00000000 08:06 1063132                    /usr/lib/jvm/java-7-openjdk-amd64/jre/lib/amd64/server/libjvm.so
7f5d64786000-7f5d64985000 ---p 00a0e000 08:06 1063132                    /usr/lib/jvm/java-7-openjdk-amd64/jre/lib/amd64/server/libjvm.so
7f5d64985000-7f5d649fe000 r--p 00a0d000 08:06 1063132                    /usr/lib/jvm/java-7-openjdk-amd64/jre/lib/amd64/server/libjvm.so
7f5d649fe000-7f5d64a21000 rw-p 00a86000 08:06 1063132                    /usr/lib/jvm/java-7-openjdk-amd64/jre/lib/amd64/server/libjvm.so
7f5d64a21000-7f5d64a4c000 rw-p 00000000 00:00 0 
7f5d64a4c000-7f5d64a64000 r-xp 00000000 08:06 3937668                    /lib/x86_64-linux-gnu/libz.so.1.2.8
7f5d64a64000-7f5d64c63000 ---p 00018000 08:06 3937668                    /lib/x86_64-linux-gnu/libz.so.1.2.8
7f5d64c63000-7f5d64c64000 r--p 00017000 08:06 3937668                    /lib/x86_64-linux-gnu/libz.so.1.2.8
7f5d64c64000-7f5d64c65000 rw-p 00018000 08:06 3937668                    /lib/x86_64-linux-gnu/libz.so.1.2.8
7f5d64c65000-7f5d64c7c000 r-xp 00000000 08:06 3937625                    /lib/x86_64-linux-gnu/libpthread-2.17.so
7f5d64c7c000-7f5d64e7c000 ---p 00017000 08:06 3937625                    /lib/x86_64-linux-gnu/libpthread-2.17.so
7f5d64e7c000-7f5d64e7d000 r--p 00017000 08:06 3937625                    /lib/x86_64-linux-gnu/libpthread-2.17.so
7f5d64e7d000-7f5d64e7e000 rw-p 00018000 08:06 3937625                    /lib/x86_64-linux-gnu/libpthread-2.17.so
7f5d64e7e000-7f5d64e82000 rw-p 00000000 00:00 0 
7f5d64e82000-7f5d64e85000 r-xp 00000000 08:06 3937525                    /lib/x86_64-linux-gnu/libdl-2.17.so
7f5d64e85000-7f5d65084000 ---p 00003000 08:06 3937525                    /lib/x86_64-linux-gnu/libdl-2.17.so
7f5d65084000-7f5d65085000 r--p 00002000 08:06 3937525                    /lib/x86_64-linux-gnu/libdl-2.17.so
7f5d65085000-7f5d65086000 rw-p 00003000 08:06 3937525                    /lib/x86_64-linux-gnu/libdl-2.17.so
7f5d65086000-7f5d65243000 r-xp 00000000 08:06 3937510                    /lib/x86_64-linux-gnu/libc-2.17.so
7f5d65243000-7f5d65443000 ---p 001bd000 08:06 3937510                    /lib/x86_64-linux-gnu/libc-2.17.so
7f5d65443000-7f5d65447000 r--p 001bd000 08:06 3937510                    /lib/x86_64-linux-gnu/libc-2.17.so
7f5d65447000-7f5d65449000 rw-p 001c1000 08:06 3937510                    /lib/x86_64-linux-gnu/libc-2.17.so
7f5d65449000-7f5d6544e000 rw-p 00000000 00:00 0 
7f5d6544e000-7f5d6545b000 r-xp 00000000 08:06 927068                     /usr/lib/jvm/java-7-openjdk-amd64/jre/lib/amd64/jli/libjli.so
7f5d6545b000-7f5d6565a000 ---p 0000d000 08:06 927068                     /usr/lib/jvm/java-7-openjdk-amd64/jre/lib/amd64/jli/libjli.so
7f5d6565a000-7f5d6565b000 r--p 0000c000 08:06 927068                     /usr/lib/jvm/java-7-openjdk-amd64/jre/lib/amd64/jli/libjli.so
7f5d6565b000-7f5d6565c000 rw-p 0000d000 08:06 927068                     /usr/lib/jvm/java-7-openjdk-amd64/jre/lib/amd64/jli/libjli.so
7f5d6565c000-7f5d6567f000 r-xp 00000000 08:06 3937486                    /lib/x86_64-linux-gnu/ld-2.17.so
7f5d65699000-7f5d656a3000 rw-p 00000000 00:00 0 
7f5d656a3000-7f5d65759000 rw-p 00000000 00:00 0 
7f5d65759000-7f5d6575c000 ---p 00000000 00:00 0 
7f5d6575c000-7f5d6585f000 rw-p 00000000 00:00 0                          [stack:5453]
7f5d65870000-7f5d65872000 rw-p 00000000 00:00 0 
7f5d65872000-7f5d6587a000 rw-s 00000000 08:06 8258560                    /tmp/hsperfdata_lagvna/5448
7f5d6587a000-7f5d6587b000 rw-p 00000000 00:00 0 
7f5d6587b000-7f5d6587c000 r--p 00000000 00:00 0 
7f5d6587c000-7f5d6587e000 rw-p 00000000 00:00 0 
7f5d6587e000-7f5d6587f000 r--p 00022000 08:06 3937486                    /lib/x86_64-linux-gnu/ld-2.17.so
7f5d6587f000-7f5d65881000 rw-p 00023000 08:06 3937486                    /lib/x86_64-linux-gnu/ld-2.17.so
7fffca04a000-7fffca06b000 rw-p 00000000 00:00 0                          [stack]
7fffca181000-7fffca183000 r-xp 00000000 00:00 0                          [vdso]
ffffffffff600000-ffffffffff601000 r-xp 00000000 00:00 0                  [vsyscall]

VM Arguments:
jvm_args: -Dfile.encoding=UTF-8 -Xbootclasspath:/home/lagvna/adt-bundle-linux-x86_64-20130917/sdk/platforms/android-18/android.jar 
java_command: com.cbb.MovieAppender
Launcher Type: SUN_STANDARD

Environment Variables:
PATH=/usr/lib/lightdm/lightdm:/usr/local/sbin:/usr/local/bin:/usr/sbin:/usr/bin:/sbin:/bin:/usr/games:/usr/local/games
SHELL=/bin/bash
DISPLAY=:0.0

Signal Handlers:
SIGSEGV: [libjvm.so+0x871410], sa_mask[0]=0x7ffbfeff, sa_flags=0x10000004
SIGBUS: [libjvm.so+0x871410], sa_mask[0]=0x7ffbfeff, sa_flags=0x10000004
SIGFPE: [libjvm.so+0x709540], sa_mask[0]=0x7ffbfeff, sa_flags=0x10000004
SIGPIPE: [libjvm.so+0x709540], sa_mask[0]=0x7ffbfeff, sa_flags=0x10000004
SIGXFSZ: [libjvm.so+0x709540], sa_mask[0]=0x7ffbfeff, sa_flags=0x10000004
SIGILL: [libjvm.so+0x709540], sa_mask[0]=0x7ffbfeff, sa_flags=0x10000004
SIGUSR1: SIG_DFL, sa_mask[0]=0x00000000, sa_flags=0x00000000
SIGUSR2: [libjvm.so+0x709270], sa_mask[0]=0x00000004, sa_flags=0x10000004
SIGHUP: SIG_DFL, sa_mask[0]=0x00000000, sa_flags=0x00000000
SIGINT: SIG_DFL, sa_mask[0]=0x00000000, sa_flags=0x00000000
SIGTERM: SIG_DFL, sa_mask[0]=0x00000000, sa_flags=0x00000000
SIGQUIT: SIG_DFL, sa_mask[0]=0x00000000, sa_flags=0x00000000


---------------  S Y S T E M  ---------------

OS:Ubuntu 13.10 (saucy)
uname:Linux 3.11.0-15-generic #23-Ubuntu SMP Mon Dec 9 18:17:04 UTC 2013 x86_64
libc:glibc 2.17 NPTL 2.17 
rlimit: STACK 8192k, CORE 0k, NPROC 127181, NOFILE 4096, AS infinity
load average:0.65 0.61 0.59

/proc/meminfo:
MemTotal:       16299408 kB
MemFree:        13170196 kB
Buffers:           85268 kB
Cached:           995272 kB
SwapCached:            0 kB
Active:          1843308 kB
Inactive:         654480 kB
Active(anon):    1419336 kB
Inactive(anon):    78416 kB
Active(file):     423972 kB
Inactive(file):   576064 kB
Unevictable:          32 kB
Mlocked:              32 kB
SwapTotal:      16641020 kB
SwapFree:       16641020 kB
Dirty:              3720 kB
Writeback:             0 kB
AnonPages:       1417536 kB
Mapped:           490484 kB
Shmem:             80484 kB
Slab:             113832 kB
SReclaimable:      74792 kB
SUnreclaim:        39040 kB
KernelStack:        4872 kB
PageTables:        31204 kB
NFS_Unstable:          0 kB
Bounce:                0 kB
WritebackTmp:          0 kB
CommitLimit:    24790724 kB
Committed_AS:    5076208 kB
VmallocTotal:   34359738367 kB
VmallocUsed:      402196 kB
VmallocChunk:   34359331580 kB
HardwareCorrupted:     0 kB
AnonHugePages:         0 kB
HugePages_Total:       0
HugePages_Free:        0
HugePages_Rsvd:        0
HugePages_Surp:        0
Hugepagesize:       2048 kB
DirectMap4k:      217420 kB
DirectMap2M:     4890624 kB
DirectMap1G:    11534336 kB


CPU:total 8 (4 cores per cpu, 2 threads per core) family 6 model 60 stepping 3, cmov, cx8, fxsr, mmx, sse, sse2, sse3, ssse3, sse4.1, sse4.2, popcnt, avx, avx2, ht, tsc, tscinvbit

/proc/cpuinfo:
processor	: 0
vendor_id	: GenuineIntel
cpu family	: 6
model		: 60
model name	: Intel(R) Core(TM) i7-4800MQ CPU @ 2.70GHz
stepping	: 3
microcode	: 0x7
cpu MHz		: 800.000
cache size	: 6144 KB
physical id	: 0
siblings	: 8
core id		: 0
cpu cores	: 4
apicid		: 0
initial apicid	: 0
fpu		: yes
fpu_exception	: yes
cpuid level	: 13
wp		: yes
flags		: fpu vme de pse tsc msr pae mce cx8 apic sep mtrr pge mca cmov pat pse36 clflush dts acpi mmx fxsr sse sse2 ss ht tm pbe syscall nx pdpe1gb rdtscp lm constant_tsc arch_perfmon pebs bts rep_good nopl xtopology nonstop_tsc aperfmperf eagerfpu pni pclmulqdq dtes64 monitor ds_cpl vmx smx est tm2 ssse3 fma cx16 xtpr pdcm pcid sse4_1 sse4_2 x2apic movbe popcnt tsc_deadline_timer aes xsave avx f16c rdrand lahf_lm abm ida arat epb xsaveopt pln pts dtherm tpr_shadow vnmi flexpriority ept vpid fsgsbase tsc_adjust bmi1 hle avx2 smep bmi2 erms invpcid rtm
bogomips	: 5387.45
clflush size	: 64
cache_alignment	: 64
address sizes	: 39 bits physical, 48 bits virtual
power management:

processor	: 1
vendor_id	: GenuineIntel
cpu family	: 6
model		: 60
model name	: Intel(R) Core(TM) i7-4800MQ CPU @ 2.70GHz
stepping	: 3
microcode	: 0x7
cpu MHz		: 800.000
cache size	: 6144 KB
physical id	: 0
siblings	: 8
core id		: 1
cpu cores	: 4
apicid		: 2
initial apicid	: 2
fpu		: yes
fpu_exception	: yes
cpuid level	: 13
wp		: yes
flags		: fpu vme de pse tsc msr pae mce cx8 apic sep mtrr pge mca cmov pat pse36 clflush dts acpi mmx fxsr sse sse2 ss ht tm pbe syscall nx pdpe1gb rdtscp lm constant_tsc arch_perfmon pebs bts rep_good nopl xtopology nonstop_tsc aperfmperf eagerfpu pni pclmulqdq dtes64 monitor ds_cpl vmx smx est tm2 ssse3 fma cx16 xtpr pdcm pcid sse4_1 sse4_2 x2apic movbe popcnt tsc_deadline_timer aes xsave avx f16c rdrand lahf_lm abm ida arat epb xsaveopt pln pts dtherm tpr_shadow vnmi flexpriority ept vpid fsgsbase tsc_adjust bmi1 hle avx2 smep bmi2 erms invpcid rtm
bogomips	: 5387.45
clflush size	: 64
cache_alignment	: 64
address sizes	: 39 bits physical, 48 bits virtual
power management:

processor	: 2
vendor_id	: GenuineIntel
cpu family	: 6
model		: 60
model name	: Intel(R) Core(TM) i7-4800MQ CPU @ 2.70GHz
stepping	: 3
microcode	: 0x7
cpu MHz		: 800.000
cache size	: 6144 KB
physical id	: 0
siblings	: 8
core id		: 2
cpu cores	: 4
apicid		: 4
initial apicid	: 4
fpu		: yes
fpu_exception	: yes
cpuid level	: 13
wp		: yes
flags		: fpu vme de pse tsc msr pae mce cx8 apic sep mtrr pge mca cmov pat pse36 clflush dts acpi mmx fxsr sse sse2 ss ht tm pbe syscall nx pdpe1gb rdtscp lm constant_tsc arch_perfmon pebs bts rep_good nopl xtopology nonstop_tsc aperfmperf eagerfpu pni pclmulqdq dtes64 monitor ds_cpl vmx smx est tm2 ssse3 fma cx16 xtpr pdcm pcid sse4_1 sse4_2 x2apic movbe popcnt tsc_deadline_timer aes xsave avx f16c rdrand lahf_lm abm ida arat epb xsaveopt pln pts dtherm tpr_shadow vnmi flexpriority ept vpid fsgsbase tsc_adjust bmi1 hle avx2 smep bmi2 erms invpcid rtm
bogomips	: 5387.45
clflush size	: 64
cache_alignment	: 64
address sizes	: 39 bits physical, 48 bits virtual
power management:

processor	: 3
vendor_id	: GenuineIntel
cpu family	: 6
model		: 60
model name	: Intel(R) Core(TM) i7-4800MQ CPU @ 2.70GHz
stepping	: 3
microcode	: 0x7
cpu MHz		: 1100.000
cache size	: 6144 KB
physical id	: 0
siblings	: 8
core id		: 3
cpu cores	: 4
apicid		: 6
initial apicid	: 6
fpu		: yes
fpu_exception	: yes
cpuid level	: 13
wp		: yes
flags		: fpu vme de pse tsc msr pae mce cx8 apic sep mtrr pge mca cmov pat pse36 clflush dts acpi mmx fxsr sse sse2 ss ht tm pbe syscall nx pdpe1gb rdtscp lm constant_tsc arch_perfmon pebs bts rep_good nopl xtopology nonstop_tsc aperfmperf eagerfpu pni pclmulqdq dtes64 monitor ds_cpl vmx smx est tm2 ssse3 fma cx16 xtpr pdcm pcid sse4_1 sse4_2 x2apic movbe popcnt tsc_deadline_timer aes xsave avx f16c rdrand lahf_lm abm ida arat epb xsaveopt pln pts dtherm tpr_shadow vnmi flexpriority ept vpid fsgsbase tsc_adjust bmi1 hle avx2 smep bmi2 erms invpcid rtm
bogomips	: 5387.45
clflush size	: 64
cache_alignment	: 64
address sizes	: 39 bits physical, 48 bits virtual
power management:

processor	: 4
vendor_id	: GenuineIntel
cpu family	: 6
model		: 60
model name	: Intel(R) Core(TM) i7-4800MQ CPU @ 2.70GHz
stepping	: 3
microcode	: 0x7
cpu MHz		: 2300.000
cache size	: 6144 KB
physical id	: 0
siblings	: 8
core id		: 0
cpu cores	: 4
apicid		: 1
initial apicid	: 1
fpu		: yes
fpu_exception	: yes
cpuid level	: 13
wp		: yes
flags		: fpu vme de pse tsc msr pae mce cx8 apic sep mtrr pge mca cmov pat pse36 clflush dts acpi mmx fxsr sse sse2 ss ht tm pbe syscall nx pdpe1gb rdtscp lm constant_tsc arch_perfmon pebs bts rep_good nopl xtopology nonstop_tsc aperfmperf eagerfpu pni pclmulqdq dtes64 monitor ds_cpl vmx smx est tm2 ssse3 fma cx16 xtpr pdcm pcid sse4_1 sse4_2 x2apic movbe popcnt tsc_deadline_timer aes xsave avx f16c rdrand lahf_lm abm ida arat epb xsaveopt pln pts dtherm tpr_shadow vnmi flexpriority ept vpid fsgsbase tsc_adjust bmi1 hle avx2 smep bmi2 erms invpcid rtm
bogomips	: 5387.45
clflush size	: 64
cache_alignment	: 64
address sizes	: 39 bits physical, 48 bits virtual
power management:

processor	: 5
vendor_id	: GenuineIntel
cpu family	: 6
model		: 60
model name	: Intel(R) Core(TM) i7-4800MQ CPU @ 2.70GHz
stepping	: 3
microcode	: 0x7
cpu MHz		: 800.000
cache size	: 6144 KB
physical id	: 0
siblings	: 8
core id		: 1
cpu cores	: 4
apicid		: 3
initial apicid	: 3
fpu		: yes
fpu_exception	: yes
cpuid level	: 13
wp		: yes
flags		: fpu vme de pse tsc msr pae mce cx8 apic sep mtrr pge mca cmov pat pse36 clflush dts acpi mmx fxsr sse sse2 ss ht tm pbe syscall nx pdpe1gb rdtscp lm constant_tsc arch_perfmon pebs bts rep_good nopl xtopology nonstop_tsc aperfmperf eagerfpu pni pclmulqdq dtes64 monitor ds_cpl vmx smx est tm2 ssse3 fma cx16 xtpr pdcm pcid sse4_1 sse4_2 x2apic movbe popcnt tsc_deadline_timer aes xsave avx f16c rdrand lahf_lm abm ida arat epb xsaveopt pln pts dtherm tpr_shadow vnmi flexpriority ept vpid fsgsbase tsc_adjust bmi1 hle avx2 smep bmi2 erms invpcid rtm
bogomips	: 5387.45
clflush size	: 64
cache_alignment	: 64
address sizes	: 39 bits physical, 48 bits virtual
power management:

processor	: 6
vendor_id	: GenuineIntel
cpu family	: 6
model		: 60
model name	: Intel(R) Core(TM) i7-4800MQ CPU @ 2.70GHz
stepping	: 3
microcode	: 0x7
cpu MHz		: 2300.000
cache size	: 6144 KB
physical id	: 0
siblings	: 8
core id		: 2
cpu cores	: 4
apicid		: 5
initial apicid	: 5
fpu		: yes
fpu_exception	: yes
cpuid level	: 13
wp		: yes
flags		: fpu vme de pse tsc msr pae mce cx8 apic sep mtrr pge mca cmov pat pse36 clflush dts acpi mmx fxsr sse sse2 ss ht tm pbe syscall nx pdpe1gb rdtscp lm constant_tsc arch_perfmon pebs bts rep_good nopl xtopology nonstop_tsc aperfmperf eagerfpu pni pclmulqdq dtes64 monitor ds_cpl vmx smx est tm2 ssse3 fma cx16 xtpr pdcm pcid sse4_1 sse4_2 x2apic movbe popcnt tsc_deadline_timer aes xsave avx f16c rdrand lahf_lm abm ida arat epb xsaveopt pln pts dtherm tpr_shadow vnmi flexpriority ept vpid fsgsbase tsc_adjust bmi1 hle avx2 smep bmi2 erms invpcid rtm
bogomips	: 5387.45
clflush size	: 64
cache_alignment	: 64
address sizes	: 39 bits physical, 48 bits virtual
power management:

processor	: 7
vendor_id	: GenuineIntel
cpu family	: 6
model		: 60
model name	: Intel(R) Core(TM) i7-4800MQ CPU @ 2.70GHz
stepping	: 3
microcode	: 0x7
cpu MHz		: 2300.000
cache size	: 6144 KB
physical id	: 0
siblings	: 8
core id		: 3
cpu cores	: 4
apicid		: 7
initial apicid	: 7
fpu		: yes
fpu_exception	: yes
cpuid level	: 13
wp		: yes
flags		: fpu vme de pse tsc msr pae mce cx8 apic sep mtrr pge mca cmov pat pse36 clflush dts acpi mmx fxsr sse sse2 ss ht tm pbe syscall nx pdpe1gb rdtscp lm constant_tsc arch_perfmon pebs bts rep_good nopl xtopology nonstop_tsc aperfmperf eagerfpu pni pclmulqdq dtes64 monitor ds_cpl vmx smx est tm2 ssse3 fma cx16 xtpr pdcm pcid sse4_1 sse4_2 x2apic movbe popcnt tsc_deadline_timer aes xsave avx f16c rdrand lahf_lm abm ida arat epb xsaveopt pln pts dtherm tpr_shadow vnmi flexpriority ept vpid fsgsbase tsc_adjust bmi1 hle avx2 smep bmi2 erms invpcid rtm
bogomips	: 5387.45
clflush size	: 64
cache_alignment	: 64
address sizes	: 39 bits physical, 48 bits virtual
power management:



Memory: 4k page, physical 16299408k(13170196k free), swap 16641020k(16641020k free)

vm_info: OpenJDK 64-Bit Server VM (23.7-b01) for linux-amd64 JRE (1.7.0_25-b30), built on Oct 11 2013 18:04:12 by "buildd" with gcc 4.8.1

time: Sun Jan  5 05:15:07 2014
elapsed time: 0 seconds

