#
# A fatal error has been detected by the Java Runtime Environment:
#
#  Internal Error (javaClasses.cpp:129), pid=29386, tid=139782668572416
#  fatal error: Invalid layout of preloaded class
#
# JRE version: 7.0_25-b30
# Java VM: OpenJDK 64-Bit Server VM (23.7-b01 mixed mode linux-amd64 compressed oops)
# Failed to write core dump. Core dumps have been disabled. To enable core dumping, try "ulimit -c unlimited" before starting Java again
#
# If you would like to submit a bug report, please include
# instructions on how to reproduce the bug and visit:
#   https://bugs.launchpad.net/ubuntu/+source/openjdk-7/
#

---------------  T H R E A D  ---------------

Current thread (0x00007f21a8009000):  JavaThread "Unknown thread" [_thread_in_vm, id=29388, stack(0x00007f21b03e5000,0x00007f21b04e6000)]

Stack: [0x00007f21b03e5000,0x00007f21b04e6000],  sp=0x00007f21b04e4940,  free space=1022k
Native frames: (J=compiled Java code, j=interpreted, Vv=VM code, C=native code)
V  [libjvm.so+0x87092b]  VMError::report_and_die()+0x16b
V  [libjvm.so+0x3edba4]  report_fatal(char const*, int, char const*)+0x54
V  [libjvm.so+0x52fc52]  compute_offset(int&, klassOopDesc*, Symbol*, Symbol*, bool) [clone .constprop.123]+0x102
V  [libjvm.so+0x5303d6]  java_lang_String::compute_offsets()+0x36
V  [libjvm.so+0x7fcc3a]  SystemDictionary::initialize_preloaded_classes(Thread*)+0xaa
V  [libjvm.so+0x848f18]  Universe::genesis(Thread*)+0x458
V  [libjvm.so+0x849524]  universe2_init()+0x24
V  [libjvm.so+0x4e566a]  init_globals()+0x9a
V  [libjvm.so+0x82d702]  Threads::create_vm(JavaVMInitArgs*, bool*)+0x3a2
V  [libjvm.so+0x54e7fd]  JNI_CreateJavaVM+0x4d
C  [libjli.so+0x2b18]  __strcat_chk+0x2b18


---------------  P R O C E S S  ---------------

Java Threads: ( => current thread )

Other Threads:

=>0x00007f21a8009000 (exited) JavaThread "Unknown thread" [_thread_in_vm, id=29388, stack(0x00007f21b03e5000,0x00007f21b04e6000)]

VM state:not at safepoint (not fully initialized)

VM Mutex/Monitor currently owned by a thread: None

GC Heap History (0 events):
No events

Deoptimization events (0 events):
No events

Internal exceptions (0 events):
No events

Events (10 events):
Event: 0.006 loading class 0x00007f21a8032510 done
Event: 0.006 loading class 0x00007f21a8031db0 done
Event: 0.006 loading class 0x00007f21a8031d80
Event: 0.006 loading class 0x00007f21a805d110
Event: 0.006 loading class 0x00007f21a805d110 done
Event: 0.006 loading class 0x00007f21a805d150
Event: 0.006 loading class 0x00007f21a805d150 done
Event: 0.006 loading class 0x00007f21a805d190
Event: 0.006 loading class 0x00007f21a805d190 done
Event: 0.006 loading class 0x00007f21a8031d80 done


Dynamic libraries:
00400000-00401000 r-xp 00000000 08:06 1063134                            /usr/lib/jvm/java-7-openjdk-amd64/jre/bin/java
00600000-00601000 r--p 00000000 08:06 1063134                            /usr/lib/jvm/java-7-openjdk-amd64/jre/bin/java
00601000-00602000 rw-p 00001000 08:06 1063134                            /usr/lib/jvm/java-7-openjdk-amd64/jre/bin/java
0073b000-0075c000 rw-p 00000000 00:00 0                                  [heap]
6fce00000-6fe2c0000 rw-p 00000000 00:00 0 
6fe2c0000-707400000 rw-p 00000000 00:00 0 
707400000-7119e0000 rw-p 00000000 00:00 0 
7119e0000-7ad160000 rw-p 00000000 00:00 0 
7ad160000-7b2440000 rw-p 00000000 00:00 0 
7b2440000-800000000 rw-p 00000000 00:00 0 
7f215fe70000-7f2168000000 rw-p 00000000 00:00 0 
7f2168000000-7f2168021000 rw-p 00000000 00:00 0 
7f2168021000-7f216c000000 ---p 00000000 00:00 0 
7f2170000000-7f2170021000 rw-p 00000000 00:00 0 
7f2170021000-7f2174000000 ---p 00000000 00:00 0 
7f2178000000-7f2178021000 rw-p 00000000 00:00 0 
7f2178021000-7f217c000000 ---p 00000000 00:00 0 
7f2180000000-7f2180021000 rw-p 00000000 00:00 0 
7f2180021000-7f2184000000 ---p 00000000 00:00 0 
7f2188000000-7f2188021000 rw-p 00000000 00:00 0 
7f2188021000-7f218c000000 ---p 00000000 00:00 0 
7f2190000000-7f2190021000 rw-p 00000000 00:00 0 
7f2190021000-7f2194000000 ---p 00000000 00:00 0 
7f2198000000-7f2198021000 rw-p 00000000 00:00 0 
7f2198021000-7f219c000000 ---p 00000000 00:00 0 
7f219df9c000-7f21a0000000 rw-p 00000000 00:00 0 
7f21a0000000-7f21a0021000 rw-p 00000000 00:00 0 
7f21a0021000-7f21a4000000 ---p 00000000 00:00 0 
7f21a4838000-7f21a4a31000 rw-p 00000000 00:00 0 
7f21a4a31000-7f21a4afb000 r--s 011ad000 08:06 8659083                    /home/lagvna/adt-bundle-linux-x86_64-20130917/sdk/platforms/android-18/android.jar
7f21a4afb000-7f21a4afc000 ---p 00000000 00:00 0 
7f21a4afc000-7f21a4bfc000 rw-p 00000000 00:00 0                          [stack:29398]
7f21a4bfc000-7f21a4bfd000 ---p 00000000 00:00 0 
7f21a4bfd000-7f21a4cfd000 rw-p 00000000 00:00 0                          [stack:29397]
7f21a4cfd000-7f21a4cfe000 ---p 00000000 00:00 0 
7f21a4cfe000-7f21a4dfe000 rw-p 00000000 00:00 0                          [stack:29396]
7f21a4dfe000-7f21a4dff000 ---p 00000000 00:00 0 
7f21a4dff000-7f21a4eff000 rw-p 00000000 00:00 0                          [stack:29395]
7f21a4eff000-7f21a4f00000 ---p 00000000 00:00 0 
7f21a4f00000-7f21a5000000 rw-p 00000000 00:00 0                          [stack:29393]
7f21a5000000-7f21a5270000 rwxp 00000000 00:00 0 
7f21a5270000-7f21a8067000 rw-p 00000000 00:00 0 
7f21a8067000-7f21ac000000 ---p 00000000 00:00 0 
7f21ac05d000-7f21ac0bc000 rw-p 00000000 00:00 0 
7f21ac0bc000-7f21ac0bd000 ---p 00000000 00:00 0 
7f21ac0bd000-7f21ac1bd000 rw-p 00000000 00:00 0                          [stack:29391]
7f21ac1bd000-7f21ac1be000 ---p 00000000 00:00 0 
7f21ac1be000-7f21ac2be000 rw-p 00000000 00:00 0                          [stack:29390]
7f21ac2be000-7f21ac2bf000 ---p 00000000 00:00 0 
7f21ac2bf000-7f21ac3ca000 rw-p 00000000 00:00 0                          [stack:29389]
7f21ac3ca000-7f21ac412000 rw-p 00000000 00:00 0 
7f21ac412000-7f21ac465000 rw-p 00000000 00:00 0 
7f21ac465000-7f21ac941000 rw-p 00000000 00:00 0 
7f21ac941000-7f21ac94c000 rw-p 00000000 00:00 0 
7f21ac94c000-7f21ac994000 rw-p 00000000 00:00 0 
7f21ac994000-7f21ac9e7000 rw-p 00000000 00:00 0 
7f21ac9e7000-7f21acec2000 rw-p 00000000 00:00 0 
7f21acec2000-7f21aceed000 rw-p 00000000 00:00 0 
7f21aceed000-7f21ad15a000 rw-p 00000000 00:00 0 
7f21ad15a000-7f21ad15b000 rw-p 00000000 00:00 0 
7f21ad15b000-7f21ad163000 r-xp 00000000 08:06 927099                     /usr/lib/jvm/java-7-openjdk-amd64/jre/lib/amd64/libzip.so
7f21ad163000-7f21ad362000 ---p 00008000 08:06 927099                     /usr/lib/jvm/java-7-openjdk-amd64/jre/lib/amd64/libzip.so
7f21ad362000-7f21ad363000 r--p 00007000 08:06 927099                     /usr/lib/jvm/java-7-openjdk-amd64/jre/lib/amd64/libzip.so
7f21ad363000-7f21ad364000 rw-p 00008000 08:06 927099                     /usr/lib/jvm/java-7-openjdk-amd64/jre/lib/amd64/libzip.so
7f21ad364000-7f21ad370000 r-xp 00000000 08:06 3937586                    /lib/x86_64-linux-gnu/libnss_files-2.17.so
7f21ad370000-7f21ad56f000 ---p 0000c000 08:06 3937586                    /lib/x86_64-linux-gnu/libnss_files-2.17.so
7f21ad56f000-7f21ad570000 r--p 0000b000 08:06 3937586                    /lib/x86_64-linux-gnu/libnss_files-2.17.so
7f21ad570000-7f21ad571000 rw-p 0000c000 08:06 3937586                    /lib/x86_64-linux-gnu/libnss_files-2.17.so
7f21ad571000-7f21ad57c000 r-xp 00000000 08:06 3937590                    /lib/x86_64-linux-gnu/libnss_nis-2.17.so
7f21ad57c000-7f21ad77b000 ---p 0000b000 08:06 3937590                    /lib/x86_64-linux-gnu/libnss_nis-2.17.so
7f21ad77b000-7f21ad77c000 r--p 0000a000 08:06 3937590                    /lib/x86_64-linux-gnu/libnss_nis-2.17.so
7f21ad77c000-7f21ad77d000 rw-p 0000b000 08:06 3937590                    /lib/x86_64-linux-gnu/libnss_nis-2.17.so
7f21ad77d000-7f21ad794000 r-xp 00000000 08:06 3937580                    /lib/x86_64-linux-gnu/libnsl-2.17.so
7f21ad794000-7f21ad993000 ---p 00017000 08:06 3937580                    /lib/x86_64-linux-gnu/libnsl-2.17.so
7f21ad993000-7f21ad994000 r--p 00016000 08:06 3937580                    /lib/x86_64-linux-gnu/libnsl-2.17.so
7f21ad994000-7f21ad995000 rw-p 00017000 08:06 3937580                    /lib/x86_64-linux-gnu/libnsl-2.17.so
7f21ad995000-7f21ad997000 rw-p 00000000 00:00 0 
7f21ad997000-7f21ad99f000 r-xp 00000000 08:06 3937582                    /lib/x86_64-linux-gnu/libnss_compat-2.17.so
7f21ad99f000-7f21adb9e000 ---p 00008000 08:06 3937582                    /lib/x86_64-linux-gnu/libnss_compat-2.17.so
7f21adb9e000-7f21adb9f000 r--p 00007000 08:06 3937582                    /lib/x86_64-linux-gnu/libnss_compat-2.17.so
7f21adb9f000-7f21adba0000 rw-p 00008000 08:06 3937582                    /lib/x86_64-linux-gnu/libnss_compat-2.17.so
7f21adba0000-7f21adbcb000 r-xp 00000000 08:06 927086                     /usr/lib/jvm/java-7-openjdk-amd64/jre/lib/amd64/libjava.so
7f21adbcb000-7f21addca000 ---p 0002b000 08:06 927086                     /usr/lib/jvm/java-7-openjdk-amd64/jre/lib/amd64/libjava.so
7f21addca000-7f21addcb000 r--p 0002a000 08:06 927086                     /usr/lib/jvm/java-7-openjdk-amd64/jre/lib/amd64/libjava.so
7f21addcb000-7f21addcd000 rw-p 0002b000 08:06 927086                     /usr/lib/jvm/java-7-openjdk-amd64/jre/lib/amd64/libjava.so
7f21addcd000-7f21adddd000 r-xp 00000000 08:06 927085                     /usr/lib/jvm/java-7-openjdk-amd64/jre/lib/amd64/libverify.so
7f21adddd000-7f21adfdc000 ---p 00010000 08:06 927085                     /usr/lib/jvm/java-7-openjdk-amd64/jre/lib/amd64/libverify.so
7f21adfdc000-7f21adfde000 r--p 0000f000 08:06 927085                     /usr/lib/jvm/java-7-openjdk-amd64/jre/lib/amd64/libverify.so
7f21adfde000-7f21adfdf000 rw-p 00011000 08:06 927085                     /usr/lib/jvm/java-7-openjdk-amd64/jre/lib/amd64/libverify.so
7f21adfdf000-7f21adfe6000 r-xp 00000000 08:06 3937633                    /lib/x86_64-linux-gnu/librt-2.17.so
7f21adfe6000-7f21ae1e5000 ---p 00007000 08:06 3937633                    /lib/x86_64-linux-gnu/librt-2.17.so
7f21ae1e5000-7f21ae1e6000 r--p 00006000 08:06 3937633                    /lib/x86_64-linux-gnu/librt-2.17.so
7f21ae1e6000-7f21ae1e7000 rw-p 00007000 08:06 3937633                    /lib/x86_64-linux-gnu/librt-2.17.so
7f21ae1e7000-7f21ae1fc000 r-xp 00000000 08:06 3932174                    /lib/x86_64-linux-gnu/libgcc_s.so.1
7f21ae1fc000-7f21ae3fb000 ---p 00015000 08:06 3932174                    /lib/x86_64-linux-gnu/libgcc_s.so.1
7f21ae3fb000-7f21ae3fc000 r--p 00014000 08:06 3932174                    /lib/x86_64-linux-gnu/libgcc_s.so.1
7f21ae3fc000-7f21ae3fd000 rw-p 00015000 08:06 3932174                    /lib/x86_64-linux-gnu/libgcc_s.so.1
7f21ae3fd000-7f21ae500000 r-xp 00000000 08:06 3937561                    /lib/x86_64-linux-gnu/libm-2.17.so
7f21ae500000-7f21ae6ff000 ---p 00103000 08:06 3937561                    /lib/x86_64-linux-gnu/libm-2.17.so
7f21ae6ff000-7f21ae700000 r--p 00102000 08:06 3937561                    /lib/x86_64-linux-gnu/libm-2.17.so
7f21ae700000-7f21ae701000 rw-p 00103000 08:06 3937561                    /lib/x86_64-linux-gnu/libm-2.17.so
7f21ae701000-7f21ae7e7000 r-xp 00000000 08:06 789333                     /usr/lib/x86_64-linux-gnu/libstdc++.so.6.0.18
7f21ae7e7000-7f21ae9e6000 ---p 000e6000 08:06 789333                     /usr/lib/x86_64-linux-gnu/libstdc++.so.6.0.18
7f21ae9e6000-7f21ae9ee000 r--p 000e5000 08:06 789333                     /usr/lib/x86_64-linux-gnu/libstdc++.so.6.0.18
7f21ae9ee000-7f21ae9f0000 rw-p 000ed000 08:06 789333                     /usr/lib/x86_64-linux-gnu/libstdc++.so.6.0.18
7f21ae9f0000-7f21aea05000 rw-p 00000000 00:00 0 
7f21aea05000-7f21af413000 r-xp 00000000 08:06 1063132                    /usr/lib/jvm/java-7-openjdk-amd64/jre/lib/amd64/server/libjvm.so
7f21af413000-7f21af612000 ---p 00a0e000 08:06 1063132                    /usr/lib/jvm/java-7-openjdk-amd64/jre/lib/amd64/server/libjvm.so
7f21af612000-7f21af68b000 r--p 00a0d000 08:06 1063132                    /usr/lib/jvm/java-7-openjdk-amd64/jre/lib/amd64/server/libjvm.so
7f21af68b000-7f21af6ae000 rw-p 00a86000 08:06 1063132                    /usr/lib/jvm/java-7-openjdk-amd64/jre/lib/amd64/server/libjvm.so
7f21af6ae000-7f21af6d9000 rw-p 00000000 00:00 0 
7f21af6d9000-7f21af6f1000 r-xp 00000000 08:06 3937668                    /lib/x86_64-linux-gnu/libz.so.1.2.8
7f21af6f1000-7f21af8f0000 ---p 00018000 08:06 3937668                    /lib/x86_64-linux-gnu/libz.so.1.2.8
7f21af8f0000-7f21af8f1000 r--p 00017000 08:06 3937668                    /lib/x86_64-linux-gnu/libz.so.1.2.8
7f21af8f1000-7f21af8f2000 rw-p 00018000 08:06 3937668                    /lib/x86_64-linux-gnu/libz.so.1.2.8
7f21af8f2000-7f21af909000 r-xp 00000000 08:06 3937625                    /lib/x86_64-linux-gnu/libpthread-2.17.so
7f21af909000-7f21afb09000 ---p 00017000 08:06 3937625                    /lib/x86_64-linux-gnu/libpthread-2.17.so
7f21afb09000-7f21afb0a000 r--p 00017000 08:06 3937625                    /lib/x86_64-linux-gnu/libpthread-2.17.so
7f21afb0a000-7f21afb0b000 rw-p 00018000 08:06 3937625                    /lib/x86_64-linux-gnu/libpthread-2.17.so
7f21afb0b000-7f21afb0f000 rw-p 00000000 00:00 0 
7f21afb0f000-7f21afb12000 r-xp 00000000 08:06 3937525                    /lib/x86_64-linux-gnu/libdl-2.17.so
7f21afb12000-7f21afd11000 ---p 00003000 08:06 3937525                    /lib/x86_64-linux-gnu/libdl-2.17.so
7f21afd11000-7f21afd12000 r--p 00002000 08:06 3937525                    /lib/x86_64-linux-gnu/libdl-2.17.so
7f21afd12000-7f21afd13000 rw-p 00003000 08:06 3937525                    /lib/x86_64-linux-gnu/libdl-2.17.so
7f21afd13000-7f21afed0000 r-xp 00000000 08:06 3937510                    /lib/x86_64-linux-gnu/libc-2.17.so
7f21afed0000-7f21b00d0000 ---p 001bd000 08:06 3937510                    /lib/x86_64-linux-gnu/libc-2.17.so
7f21b00d0000-7f21b00d4000 r--p 001bd000 08:06 3937510                    /lib/x86_64-linux-gnu/libc-2.17.so
7f21b00d4000-7f21b00d6000 rw-p 001c1000 08:06 3937510                    /lib/x86_64-linux-gnu/libc-2.17.so
7f21b00d6000-7f21b00db000 rw-p 00000000 00:00 0 
7f21b00db000-7f21b00e8000 r-xp 00000000 08:06 927068                     /usr/lib/jvm/java-7-openjdk-amd64/jre/lib/amd64/jli/libjli.so
7f21b00e8000-7f21b02e7000 ---p 0000d000 08:06 927068                     /usr/lib/jvm/java-7-openjdk-amd64/jre/lib/amd64/jli/libjli.so
7f21b02e7000-7f21b02e8000 r--p 0000c000 08:06 927068                     /usr/lib/jvm/java-7-openjdk-amd64/jre/lib/amd64/jli/libjli.so
7f21b02e8000-7f21b02e9000 rw-p 0000d000 08:06 927068                     /usr/lib/jvm/java-7-openjdk-amd64/jre/lib/amd64/jli/libjli.so
7f21b02e9000-7f21b030c000 r-xp 00000000 08:06 3937486                    /lib/x86_64-linux-gnu/ld-2.17.so
7f21b0325000-7f21b032f000 rw-p 00000000 00:00 0 
7f21b032f000-7f21b03e5000 rw-p 00000000 00:00 0 
7f21b03e5000-7f21b03e8000 ---p 00000000 00:00 0 
7f21b03e8000-7f21b04eb000 rw-p 00000000 00:00 0                          [stack:29388]
7f21b04fd000-7f21b04ff000 rw-p 00000000 00:00 0 
7f21b04ff000-7f21b0507000 rw-s 00000000 08:06 8258629                    /tmp/hsperfdata_lagvna/29386
7f21b0507000-7f21b0508000 rw-p 00000000 00:00 0 
7f21b0508000-7f21b0509000 r--p 00000000 00:00 0 
7f21b0509000-7f21b050b000 rw-p 00000000 00:00 0 
7f21b050b000-7f21b050c000 r--p 00022000 08:06 3937486                    /lib/x86_64-linux-gnu/ld-2.17.so
7f21b050c000-7f21b050e000 rw-p 00023000 08:06 3937486                    /lib/x86_64-linux-gnu/ld-2.17.so
7fffa9557000-7fffa9578000 rw-p 00000000 00:00 0                          [stack]
7fffa95fe000-7fffa9600000 r-xp 00000000 00:00 0                          [vdso]
ffffffffff600000-ffffffffff601000 r-xp 00000000 00:00 0                  [vsyscall]

VM Arguments:
jvm_args: -Dfile.encoding=UTF-8 -Xbootclasspath:/home/lagvna/adt-bundle-linux-x86_64-20130917/sdk/platforms/android-18/android.jar 
java_command: com.cbb.MovieAppender
Launcher Type: SUN_STANDARD

Environment Variables:
PATH=/usr/lib/lightdm/lightdm:/usr/local/sbin:/usr/local/bin:/usr/sbin:/usr/bin:/sbin:/bin:/usr/games:/usr/local/games
SHELL=/bin/bash
DISPLAY=:0.0

Signal Handlers:
SIGSEGV: [libjvm.so+0x871410], sa_mask[0]=0x7ffbfeff, sa_flags=0x10000004
SIGBUS: [libjvm.so+0x871410], sa_mask[0]=0x7ffbfeff, sa_flags=0x10000004
SIGFPE: [libjvm.so+0x709540], sa_mask[0]=0x7ffbfeff, sa_flags=0x10000004
SIGPIPE: [libjvm.so+0x709540], sa_mask[0]=0x7ffbfeff, sa_flags=0x10000004
SIGXFSZ: [libjvm.so+0x709540], sa_mask[0]=0x7ffbfeff, sa_flags=0x10000004
SIGILL: [libjvm.so+0x709540], sa_mask[0]=0x7ffbfeff, sa_flags=0x10000004
SIGUSR1: SIG_DFL, sa_mask[0]=0x00000000, sa_flags=0x00000000
SIGUSR2: [libjvm.so+0x709270], sa_mask[0]=0x00000004, sa_flags=0x10000004
SIGHUP: SIG_DFL, sa_mask[0]=0x00000000, sa_flags=0x00000000
SIGINT: SIG_DFL, sa_mask[0]=0x00000000, sa_flags=0x00000000
SIGTERM: SIG_DFL, sa_mask[0]=0x00000000, sa_flags=0x00000000
SIGQUIT: SIG_DFL, sa_mask[0]=0x00000000, sa_flags=0x00000000


---------------  S Y S T E M  ---------------

OS:Ubuntu 13.10 (saucy)
uname:Linux 3.11.0-15-generic #23-Ubuntu SMP Mon Dec 9 18:17:04 UTC 2013 x86_64
libc:glibc 2.17 NPTL 2.17 
rlimit: STACK 8192k, CORE 0k, NPROC 127181, NOFILE 4096, AS infinity
load average:0.86 0.76 0.69

/proc/meminfo:
MemTotal:       16299408 kB
MemFree:        10233012 kB
Buffers:          304700 kB
Cached:          2090384 kB
SwapCached:            0 kB
Active:          3131972 kB
Inactive:        1451936 kB
Active(anon):    2192112 kB
Inactive(anon):    97988 kB
Active(file):     939860 kB
Inactive(file):  1353948 kB
Unevictable:           0 kB
Mlocked:               0 kB
SwapTotal:      16641020 kB
SwapFree:       16641020 kB
Dirty:              1748 kB
Writeback:             0 kB
AnonPages:       2189440 kB
Mapped:           634320 kB
Shmem:            100512 kB
Slab:             268632 kB
SReclaimable:     221956 kB
SUnreclaim:        46676 kB
KernelStack:        5488 kB
PageTables:        39272 kB
NFS_Unstable:          0 kB
Bounce:                0 kB
WritebackTmp:          0 kB
CommitLimit:    24790724 kB
Committed_AS:    7169944 kB
VmallocTotal:   34359738367 kB
VmallocUsed:      405020 kB
VmallocChunk:   34359329628 kB
HardwareCorrupted:     0 kB
AnonHugePages:         0 kB
HugePages_Total:       0
HugePages_Free:        0
HugePages_Rsvd:        0
HugePages_Surp:        0
Hugepagesize:       2048 kB
DirectMap4k:      954700 kB
DirectMap2M:     7299072 kB
DirectMap1G:     8388608 kB


CPU:total 8 (4 cores per cpu, 2 threads per core) family 6 model 60 stepping 3, cmov, cx8, fxsr, mmx, sse, sse2, sse3, ssse3, sse4.1, sse4.2, popcnt, avx, avx2, ht, tsc, tscinvbit

/proc/cpuinfo:
processor	: 0
vendor_id	: GenuineIntel
cpu family	: 6
model		: 60
model name	: Intel(R) Core(TM) i7-4800MQ CPU @ 2.70GHz
stepping	: 3
microcode	: 0x7
cpu MHz		: 2300.000
cache size	: 6144 KB
physical id	: 0
siblings	: 8
core id		: 0
cpu cores	: 4
apicid		: 0
initial apicid	: 0
fpu		: yes
fpu_exception	: yes
cpuid level	: 13
wp		: yes
flags		: fpu vme de pse tsc msr pae mce cx8 apic sep mtrr pge mca cmov pat pse36 clflush dts acpi mmx fxsr sse sse2 ss ht tm pbe syscall nx pdpe1gb rdtscp lm constant_tsc arch_perfmon pebs bts rep_good nopl xtopology nonstop_tsc aperfmperf eagerfpu pni pclmulqdq dtes64 monitor ds_cpl vmx smx est tm2 ssse3 fma cx16 xtpr pdcm pcid sse4_1 sse4_2 x2apic movbe popcnt tsc_deadline_timer aes xsave avx f16c rdrand lahf_lm abm ida arat epb xsaveopt pln pts dtherm tpr_shadow vnmi flexpriority ept vpid fsgsbase tsc_adjust bmi1 hle avx2 smep bmi2 erms invpcid rtm
bogomips	: 5387.73
clflush size	: 64
cache_alignment	: 64
address sizes	: 39 bits physical, 48 bits virtual
power management:

processor	: 1
vendor_id	: GenuineIntel
cpu family	: 6
model		: 60
model name	: Intel(R) Core(TM) i7-4800MQ CPU @ 2.70GHz
stepping	: 3
microcode	: 0x7
cpu MHz		: 800.000
cache size	: 6144 KB
physical id	: 0
siblings	: 8
core id		: 1
cpu cores	: 4
apicid		: 2
initial apicid	: 2
fpu		: yes
fpu_exception	: yes
cpuid level	: 13
wp		: yes
flags		: fpu vme de pse tsc msr pae mce cx8 apic sep mtrr pge mca cmov pat pse36 clflush dts acpi mmx fxsr sse sse2 ss ht tm pbe syscall nx pdpe1gb rdtscp lm constant_tsc arch_perfmon pebs bts rep_good nopl xtopology nonstop_tsc aperfmperf eagerfpu pni pclmulqdq dtes64 monitor ds_cpl vmx smx est tm2 ssse3 fma cx16 xtpr pdcm pcid sse4_1 sse4_2 x2apic movbe popcnt tsc_deadline_timer aes xsave avx f16c rdrand lahf_lm abm ida arat epb xsaveopt pln pts dtherm tpr_shadow vnmi flexpriority ept vpid fsgsbase tsc_adjust bmi1 hle avx2 smep bmi2 erms invpcid rtm
bogomips	: 5387.73
clflush size	: 64
cache_alignment	: 64
address sizes	: 39 bits physical, 48 bits virtual
power management:

processor	: 2
vendor_id	: GenuineIntel
cpu family	: 6
model		: 60
model name	: Intel(R) Core(TM) i7-4800MQ CPU @ 2.70GHz
stepping	: 3
microcode	: 0x7
cpu MHz		: 800.000
cache size	: 6144 KB
physical id	: 0
siblings	: 8
core id		: 2
cpu cores	: 4
apicid		: 4
initial apicid	: 4
fpu		: yes
fpu_exception	: yes
cpuid level	: 13
wp		: yes
flags		: fpu vme de pse tsc msr pae mce cx8 apic sep mtrr pge mca cmov pat pse36 clflush dts acpi mmx fxsr sse sse2 ss ht tm pbe syscall nx pdpe1gb rdtscp lm constant_tsc arch_perfmon pebs bts rep_good nopl xtopology nonstop_tsc aperfmperf eagerfpu pni pclmulqdq dtes64 monitor ds_cpl vmx smx est tm2 ssse3 fma cx16 xtpr pdcm pcid sse4_1 sse4_2 x2apic movbe popcnt tsc_deadline_timer aes xsave avx f16c rdrand lahf_lm abm ida arat epb xsaveopt pln pts dtherm tpr_shadow vnmi flexpriority ept vpid fsgsbase tsc_adjust bmi1 hle avx2 smep bmi2 erms invpcid rtm
bogomips	: 5387.73
clflush size	: 64
cache_alignment	: 64
address sizes	: 39 bits physical, 48 bits virtual
power management:

processor	: 3
vendor_id	: GenuineIntel
cpu family	: 6
model		: 60
model name	: Intel(R) Core(TM) i7-4800MQ CPU @ 2.70GHz
stepping	: 3
microcode	: 0x7
cpu MHz		: 2300.000
cache size	: 6144 KB
physical id	: 0
siblings	: 8
core id		: 3
cpu cores	: 4
apicid		: 6
initial apicid	: 6
fpu		: yes
fpu_exception	: yes
cpuid level	: 13
wp		: yes
flags		: fpu vme de pse tsc msr pae mce cx8 apic sep mtrr pge mca cmov pat pse36 clflush dts acpi mmx fxsr sse sse2 ss ht tm pbe syscall nx pdpe1gb rdtscp lm constant_tsc arch_perfmon pebs bts rep_good nopl xtopology nonstop_tsc aperfmperf eagerfpu pni pclmulqdq dtes64 monitor ds_cpl vmx smx est tm2 ssse3 fma cx16 xtpr pdcm pcid sse4_1 sse4_2 x2apic movbe popcnt tsc_deadline_timer aes xsave avx f16c rdrand lahf_lm abm ida arat epb xsaveopt pln pts dtherm tpr_shadow vnmi flexpriority ept vpid fsgsbase tsc_adjust bmi1 hle avx2 smep bmi2 erms invpcid rtm
bogomips	: 5387.73
clflush size	: 64
cache_alignment	: 64
address sizes	: 39 bits physical, 48 bits virtual
power management:

processor	: 4
vendor_id	: GenuineIntel
cpu family	: 6
model		: 60
model name	: Intel(R) Core(TM) i7-4800MQ CPU @ 2.70GHz
stepping	: 3
microcode	: 0x7
cpu MHz		: 800.000
cache size	: 6144 KB
physical id	: 0
siblings	: 8
core id		: 0
cpu cores	: 4
apicid		: 1
initial apicid	: 1
fpu		: yes
fpu_exception	: yes
cpuid level	: 13
wp		: yes
flags		: fpu vme de pse tsc msr pae mce cx8 apic sep mtrr pge mca cmov pat pse36 clflush dts acpi mmx fxsr sse sse2 ss ht tm pbe syscall nx pdpe1gb rdtscp lm constant_tsc arch_perfmon pebs bts rep_good nopl xtopology nonstop_tsc aperfmperf eagerfpu pni pclmulqdq dtes64 monitor ds_cpl vmx smx est tm2 ssse3 fma cx16 xtpr pdcm pcid sse4_1 sse4_2 x2apic movbe popcnt tsc_deadline_timer aes xsave avx f16c rdrand lahf_lm abm ida arat epb xsaveopt pln pts dtherm tpr_shadow vnmi flexpriority ept vpid fsgsbase tsc_adjust bmi1 hle avx2 smep bmi2 erms invpcid rtm
bogomips	: 5387.73
clflush size	: 64
cache_alignment	: 64
address sizes	: 39 bits physical, 48 bits virtual
power management:

processor	: 5
vendor_id	: GenuineIntel
cpu family	: 6
model		: 60
model name	: Intel(R) Core(TM) i7-4800MQ CPU @ 2.70GHz
stepping	: 3
microcode	: 0x7
cpu MHz		: 800.000
cache size	: 6144 KB
physical id	: 0
siblings	: 8
core id		: 1
cpu cores	: 4
apicid		: 3
initial apicid	: 3
fpu		: yes
fpu_exception	: yes
cpuid level	: 13
wp		: yes
flags		: fpu vme de pse tsc msr pae mce cx8 apic sep mtrr pge mca cmov pat pse36 clflush dts acpi mmx fxsr sse sse2 ss ht tm pbe syscall nx pdpe1gb rdtscp lm constant_tsc arch_perfmon pebs bts rep_good nopl xtopology nonstop_tsc aperfmperf eagerfpu pni pclmulqdq dtes64 monitor ds_cpl vmx smx est tm2 ssse3 fma cx16 xtpr pdcm pcid sse4_1 sse4_2 x2apic movbe popcnt tsc_deadline_timer aes xsave avx f16c rdrand lahf_lm abm ida arat epb xsaveopt pln pts dtherm tpr_shadow vnmi flexpriority ept vpid fsgsbase tsc_adjust bmi1 hle avx2 smep bmi2 erms invpcid rtm
bogomips	: 5387.73
clflush size	: 64
cache_alignment	: 64
address sizes	: 39 bits physical, 48 bits virtual
power management:

processor	: 6
vendor_id	: GenuineIntel
cpu family	: 6
model		: 60
model name	: Intel(R) Core(TM) i7-4800MQ CPU @ 2.70GHz
stepping	: 3
microcode	: 0x7
cpu MHz		: 1900.000
cache size	: 6144 KB
physical id	: 0
siblings	: 8
core id		: 2
cpu cores	: 4
apicid		: 5
initial apicid	: 5
fpu		: yes
fpu_exception	: yes
cpuid level	: 13
wp		: yes
flags		: fpu vme de pse tsc msr pae mce cx8 apic sep mtrr pge mca cmov pat pse36 clflush dts acpi mmx fxsr sse sse2 ss ht tm pbe syscall nx pdpe1gb rdtscp lm constant_tsc arch_perfmon pebs bts rep_good nopl xtopology nonstop_tsc aperfmperf eagerfpu pni pclmulqdq dtes64 monitor ds_cpl vmx smx est tm2 ssse3 fma cx16 xtpr pdcm pcid sse4_1 sse4_2 x2apic movbe popcnt tsc_deadline_timer aes xsave avx f16c rdrand lahf_lm abm ida arat epb xsaveopt pln pts dtherm tpr_shadow vnmi flexpriority ept vpid fsgsbase tsc_adjust bmi1 hle avx2 smep bmi2 erms invpcid rtm
bogomips	: 5387.73
clflush size	: 64
cache_alignment	: 64
address sizes	: 39 bits physical, 48 bits virtual
power management:

processor	: 7
vendor_id	: GenuineIntel
cpu family	: 6
model		: 60
model name	: Intel(R) Core(TM) i7-4800MQ CPU @ 2.70GHz
stepping	: 3
microcode	: 0x7
cpu MHz		: 800.000
cache size	: 6144 KB
physical id	: 0
siblings	: 8
core id		: 3
cpu cores	: 4
apicid		: 7
initial apicid	: 7
fpu		: yes
fpu_exception	: yes
cpuid level	: 13
wp		: yes
flags		: fpu vme de pse tsc msr pae mce cx8 apic sep mtrr pge mca cmov pat pse36 clflush dts acpi mmx fxsr sse sse2 ss ht tm pbe syscall nx pdpe1gb rdtscp lm constant_tsc arch_perfmon pebs bts rep_good nopl xtopology nonstop_tsc aperfmperf eagerfpu pni pclmulqdq dtes64 monitor ds_cpl vmx smx est tm2 ssse3 fma cx16 xtpr pdcm pcid sse4_1 sse4_2 x2apic movbe popcnt tsc_deadline_timer aes xsave avx f16c rdrand lahf_lm abm ida arat epb xsaveopt pln pts dtherm tpr_shadow vnmi flexpriority ept vpid fsgsbase tsc_adjust bmi1 hle avx2 smep bmi2 erms invpcid rtm
bogomips	: 5387.73
clflush size	: 64
cache_alignment	: 64
address sizes	: 39 bits physical, 48 bits virtual
power management:



Memory: 4k page, physical 16299408k(10233012k free), swap 16641020k(16641020k free)

vm_info: OpenJDK 64-Bit Server VM (23.7-b01) for linux-amd64 JRE (1.7.0_25-b30), built on Oct 11 2013 18:04:12 by "buildd" with gcc 4.8.1

time: Mon Jan  6 15:58:51 2014
elapsed time: 0 seconds

